::1 - - [03/Feb/2024:11:53:21 +0200] "GET / HTTP/1.1" 200 23
::1 - - [03/Feb/2024:11:53:21 +0200] "GET /favicon.ico HTTP/1.1" 404 294
::1 - - [06/Feb/2024:19:16:48 +0200] "GET / HTTP/1.1" 200 23
::1 - - [06/Feb/2024:19:16:49 +0200] "GET /favicon.ico HTTP/1.1" 404 294
::1 - - [06/Feb/2024:19:56:55 +0200] "GET / HTTP/1.1" 200 23
::1 - - [06/Feb/2024:19:56:56 +0200] "GET /favicon.ico HTTP/1.1" 404 294
::1 - - [06/Feb/2024:19:57:18 +0200] "GET / HTTP/1.1" 200 23
::1 - - [06/Feb/2024:19:57:18 +0200] "GET /favicon.ico HTTP/1.1" 404 294
::1 - - [06/Feb/2024:20:02:34 +0200] "GET / HTTP/1.1" 200 23
::1 - - [06/Feb/2024:20:02:34 +0200] "GET /favicon.ico HTTP/1.1" 404 294
::1 - - [06/Feb/2024:20:03:19 +0200] "GET / HTTP/1.1" 200 23
::1 - - [06/Feb/2024:20:03:21 +0200] "GET / HTTP/1.1" 200 23
::1 - - [06/Feb/2024:20:03:21 +0200] "GET /favicon.ico HTTP/1.1" 404 294
::1 - - [06/Feb/2024:20:05:17 +0200] "GET / HTTP/1.1" 200 23
::1 - - [06/Feb/2024:20:05:23 +0200] "GET / HTTP/1.1" 200 23
::1 - - [06/Feb/2024:20:05:23 +0200] "GET /favicon.ico HTTP/1.1" 404 294
::1 - - [06/Feb/2024:20:42:42 +0200] "GET / HTTP/1.1" 200 23
::1 - - [06/Feb/2024:20:42:42 +0200] "GET /favicon.ico HTTP/1.1" 404 294
::1 - - [06/Feb/2024:21:03:55 +0200] "GET / HTTP/1.1" 200 1073
::1 - - [06/Feb/2024:21:03:58 +0200] "GET / HTTP/1.1" 200 1073
::1 - - [06/Feb/2024:21:04:00 +0200] "GET /regexp HTTP/1.1" 404 294
::1 - - [06/Feb/2024:21:06:40 +0200] "GET /regexp HTTP/1.1" 404 294
::1 - - [06/Feb/2024:21:11:02 +0200] "GET /regexp HTTP/1.1" 404 294
::1 - - [06/Feb/2024:21:11:03 +0200] "GET /regexp HTTP/1.1" 404 294
::1 - - [06/Feb/2024:21:11:08 +0200] "GET / HTTP/1.1" 200 1048
::1 - - [06/Feb/2024:21:11:10 +0200] "GET /regexp HTTP/1.1" 404 294
::1 - - [06/Feb/2024:21:11:24 +0200] "GET /regexp HTTP/1.1" 404 294
::1 - - [06/Feb/2024:21:18:11 +0200] "GET /regexp HTTP/1.1" 404 294
::1 - - [06/Feb/2024:21:18:15 +0200] "GET / HTTP/1.1" 200 1048
::1 - - [06/Feb/2024:21:18:19 +0200] "GET /regexp HTTP/1.1" 404 294
::1 - - [06/Feb/2024:21:23:51 +0200] "GET /regexp HTTP/1.1" 404 294
::1 - - [06/Feb/2024:21:23:55 +0200] "GET / HTTP/1.1" 200 1048
::1 - - [06/Feb/2024:21:23:57 +0200] "GET /regexp HTTP/1.1" 404 294
::1 - - [06/Feb/2024:21:26:36 +0200] "GET /regexp HTTP/1.1" 404 294
::1 - - [06/Feb/2024:21:26:40 +0200] "GET /regexp HTTP/1.1" 404 294
::1 - - [06/Feb/2024:21:26:43 +0200] "GET /regexp HTTP/1.1" 404 294
::1 - - [06/Feb/2024:21:27:12 +0200] "GET /regexp.php HTTP/1.1" 200 15
::1 - - [06/Feb/2024:21:32:56 +0200] "GET /regexp HTTP/1.1" 404 294
::1 - - [06/Feb/2024:21:41:42 +0200] "GET /regexp.php HTTP/1.1" 200 15
::1 - - [06/Feb/2024:21:41:43 +0200] "GET /regexp.php HTTP/1.1" 200 15
::1 - - [06/Feb/2024:21:41:44 +0200] "GET /regexp.php HTTP/1.1" 200 15
::1 - - [06/Feb/2024:21:41:45 +0200] "GET /regexp.php HTTP/1.1" 200 15
::1 - - [06/Feb/2024:21:41:46 +0200] "GET /regexp.php HTTP/1.1" 200 15
::1 - - [06/Feb/2024:21:41:58 +0200] "GET /regexp HTTP/1.1" 404 294
::1 - - [06/Feb/2024:21:43:00 +0200] "GET /regexp HTTP/1.1" 404 294
::1 - - [06/Feb/2024:21:43:02 +0200] "GET /regexp HTTP/1.1" 404 294
::1 - - [06/Feb/2024:21:43:04 +0200] "GET /regexp HTTP/1.1" 404 294
::1 - - [06/Feb/2024:21:52:13 +0200] "GET / HTTP/1.1" 200 1052
::1 - - [06/Feb/2024:21:52:15 +0200] "GET / HTTP/1.1" 200 1052
::1 - - [06/Feb/2024:21:52:17 +0200] "GET /regexp.php HTTP/1.1" 200 15
::1 - - [07/Feb/2024:20:20:01 +0200] "GET / HTTP/1.1" 200 1052
::1 - - [07/Feb/2024:20:20:01 +0200] "GET /favicon.ico HTTP/1.1" 404 294
::1 - - [07/Feb/2024:20:20:08 +0200] "GET /regexp.php HTTP/1.1" 200 19
::1 - - [07/Feb/2024:20:27:45 +0200] "GET / HTTP/1.1" 200 27
::1 - - [07/Feb/2024:20:27:54 +0200] "GET / HTTP/1.1" 200 27
::1 - - [07/Feb/2024:20:27:55 +0200] "GET / HTTP/1.1" 200 27
::1 - - [07/Feb/2024:20:29:52 +0200] "GET / HTTP/1.1" 200 27
::1 - - [07/Feb/2024:20:29:53 +0200] "GET / HTTP/1.1" 200 27
::1 - - [07/Feb/2024:20:31:02 +0200] "GET / HTTP/1.1" 200 1055
::1 - - [07/Feb/2024:20:31:04 +0200] "GET /regexp.php HTTP/1.1" 200 19
::1 - - [07/Feb/2024:20:32:07 +0200] "GET / HTTP/1.1" 200 1055
::1 - - [07/Feb/2024:20:32:09 +0200] "GET /regexp.php HTTP/1.1" 200 1047
::1 - - [07/Feb/2024:20:32:12 +0200] "GET / HTTP/1.1" 200 1055
::1 - - [07/Feb/2024:20:32:35 +0200] "GET /regexp.php HTTP/1.1" 200 1047
::1 - - [07/Feb/2024:20:32:38 +0200] "GET / HTTP/1.1" 200 1055
::1 - - [07/Feb/2024:20:32:39 +0200] "GET /regexp.php HTTP/1.1" 200 1047
::1 - - [07/Feb/2024:20:32:40 +0200] "GET / HTTP/1.1" 200 1055
::1 - - [07/Feb/2024:20:35:17 +0200] "GET / HTTP/1.1" 200 1055
::1 - - [07/Feb/2024:20:35:20 +0200] "GET /regexp.php HTTP/1.1" 200 1047
::1 - - [07/Feb/2024:20:35:23 +0200] "GET / HTTP/1.1" 200 1055
::1 - - [07/Feb/2024:20:35:24 +0200] "GET /regexp.php HTTP/1.1" 200 1047
::1 - - [07/Feb/2024:20:35:37 +0200] "GET / HTTP/1.1" 200 1055
::1 - - [07/Feb/2024:20:36:07 +0200] "GET / HTTP/1.1" 200 1055
::1 - - [07/Feb/2024:20:36:09 +0200] "GET /regexp.php HTTP/1.1" 200 1047
::1 - - [07/Feb/2024:20:36:10 +0200] "GET / HTTP/1.1" 200 1055
::1 - - [07/Feb/2024:20:36:11 +0200] "GET /regexp.php HTTP/1.1" 200 1047
::1 - - [07/Feb/2024:20:45:35 +0200] "GET / HTTP/1.1" 200 1009
::1 - - [07/Feb/2024:20:45:39 +0200] "GET /regexp.php HTTP/1.1" 200 1001
::1 - - [07/Feb/2024:20:45:40 +0200] "GET / HTTP/1.1" 200 1009
::1 - - [07/Feb/2024:20:45:42 +0200] "GET /regexp.php HTTP/1.1" 200 1001
::1 - - [07/Feb/2024:20:45:43 +0200] "GET / HTTP/1.1" 200 1009
::1 - - [07/Feb/2024:20:46:12 +0200] "GET / HTTP/1.1" 200 1019
::1 - - [07/Feb/2024:20:48:02 +0200] "GET / HTTP/1.1" 200 1515
::1 - - [07/Feb/2024:20:48:37 +0200] "GET / HTTP/1.1" 200 1511
::1 - - [07/Feb/2024:20:53:16 +0200] "GET / HTTP/1.1" 200 1536
::1 - - [07/Feb/2024:20:53:18 +0200] "GET / HTTP/1.1" 200 1536
::1 - - [07/Feb/2024:20:53:19 +0200] "GET /regexp.php HTTP/1.1" 200 1528
::1 - - [07/Feb/2024:20:53:21 +0200] "GET / HTTP/1.1" 200 1536
::1 - - [07/Feb/2024:20:55:47 +0200] "GET / HTTP/1.1" 200 1576
::1 - - [07/Feb/2024:20:56:12 +0200] "GET / HTTP/1.1" 200 1576
::1 - - [07/Feb/2024:20:56:53 +0200] "GET / HTTP/1.1" 200 1576
::1 - - [07/Feb/2024:21:02:34 +0200] "GET / HTTP/1.1" 200 1561
::1 - - [07/Feb/2024:21:07:39 +0200] "GET / HTTP/1.1" 200 1716
::1 - - [07/Feb/2024:21:07:39 +0200] "GET /your_photo.jpg HTTP/1.1" 404 294
::1 - - [07/Feb/2024:21:17:13 +0200] "GET / HTTP/1.1" 200 1702
::1 - - [07/Feb/2024:21:17:13 +0200] "GET /gialla.jpg HTTP/1.1" 200 202937
::1 - - [07/Feb/2024:21:18:52 +0200] "GET / HTTP/1.1" 200 1965
::1 - - [07/Feb/2024:21:18:52 +0200] "GET /gialla.jpg HTTP/1.1" 304 -
::1 - - [07/Feb/2024:21:24:37 +0200] "GET / HTTP/1.1" 200 2091
::1 - - [07/Feb/2024:21:24:37 +0200] "GET /gialla.jpg HTTP/1.1" 304 -
::1 - - [07/Feb/2024:21:30:20 +0200] "GET / HTTP/1.1" 200 2091
::1 - - [07/Feb/2024:21:30:20 +0200] "GET /gialla.jpg HTTP/1.1" 304 -
::1 - - [07/Feb/2024:21:33:11 +0200] "GET / HTTP/1.1" 200 2046
::1 - - [07/Feb/2024:21:33:11 +0200] "GET /gialla.jpg HTTP/1.1" 304 -
::1 - - [07/Feb/2024:21:33:13 +0200] "GET / HTTP/1.1" 200 2046
::1 - - [07/Feb/2024:21:33:13 +0200] "GET / HTTP/1.1" 200 2046
::1 - - [07/Feb/2024:21:33:14 +0200] "GET / HTTP/1.1" 200 2046
::1 - - [07/Feb/2024:21:34:57 +0200] "GET / HTTP/1.1" 200 2048
::1 - - [07/Feb/2024:21:37:35 +0200] "GET / HTTP/1.1" 200 2059
::1 - - [07/Feb/2024:21:37:35 +0200] "GET /gialla.jpg HTTP/1.1" 304 -
::1 - - [07/Feb/2024:21:37:56 +0200] "GET / HTTP/1.1" 200 2059
::1 - - [07/Feb/2024:21:37:57 +0200] "GET /regexp.php HTTP/1.1" 200 2006
::1 - - [07/Feb/2024:21:38:01 +0200] "GET / HTTP/1.1" 200 2059
::1 - - [07/Feb/2024:21:39:56 +0200] "GET / HTTP/1.1" 200 2059
::1 - - [07/Feb/2024:21:44:36 +0200] "GET / HTTP/1.1" 200 1941
::1 - - [07/Feb/2024:21:44:36 +0200] "GET /gialla.jpg HTTP/1.1" 304 -
::1 - - [07/Feb/2024:21:45:20 +0200] "GET / HTTP/1.1" 200 1920
::1 - - [07/Feb/2024:21:47:50 +0200] "GET / HTTP/1.1" 200 1904
::1 - - [07/Feb/2024:21:47:50 +0200] "GET /gialla.jpg HTTP/1.1" 304 -
::1 - - [07/Feb/2024:21:49:01 +0200] "GET / HTTP/1.1" 200 1904
::1 - - [07/Feb/2024:21:50:53 +0200] "GET / HTTP/1.1" 200 1898
::1 - - [07/Feb/2024:21:51:06 +0200] "GET /regexp.php HTTP/1.1" 200 1519
::1 - - [07/Feb/2024:21:51:07 +0200] "GET / HTTP/1.1" 200 1898
::1 - - [07/Feb/2024:21:51:09 +0200] "GET /regexp.php HTTP/1.1" 200 1519
::1 - - [07/Feb/2024:21:51:12 +0200] "GET / HTTP/1.1" 200 1898
::1 - - [07/Feb/2024:21:51:34 +0200] "GET / HTTP/1.1" 200 1900
::1 - - [07/Feb/2024:21:51:34 +0200] "GET /gialla.jpg HTTP/1.1" 304 -
::1 - - [07/Feb/2024:21:56:02 +0200] "GET / HTTP/1.1" 200 1900
::1 - - [07/Feb/2024:21:56:02 +0200] "GET /gialla.jpg HTTP/1.1" 304 -
::1 - - [07/Feb/2024:21:56:03 +0200] "GET / HTTP/1.1" 200 1900
::1 - - [07/Feb/2024:22:00:05 +0200] "GET / HTTP/1.1" 200 2114
::1 - - [07/Feb/2024:22:00:15 +0200] "GET / HTTP/1.1" 200 2114
::1 - - [07/Feb/2024:22:00:15 +0200] "GET /gialla.jpg HTTP/1.1" 304 -
::1 - - [07/Feb/2024:22:00:18 +0200] "GET /regexp.php HTTP/1.1" 200 1519
::1 - - [07/Feb/2024:22:00:22 +0200] "GET / HTTP/1.1" 200 2114
::1 - - [07/Feb/2024:22:05:19 +0200] "GET / HTTP/1.1" 200 2165
::1 - - [07/Feb/2024:22:05:19 +0200] "GET /gialla.jpg HTTP/1.1" 304 -
::1 - - [07/Feb/2024:22:08:13 +0200] "GET / HTTP/1.1" 200 2169
::1 - - [07/Feb/2024:22:14:04 +0200] "GET / HTTP/1.1" 200 2693
::1 - - [07/Feb/2024:22:14:04 +0200] "GET /gialla.jpg HTTP/1.1" 304 -
::1 - - [07/Feb/2024:22:14:40 +0200] "GET / HTTP/1.1" 200 2692
::1 - - [07/Feb/2024:22:16:11 +0200] "GET / HTTP/1.1" 200 2695
::1 - - [07/Feb/2024:22:16:21 +0200] "GET /regexp.php HTTP/1.1" 200 1519
::1 - - [07/Feb/2024:22:16:28 +0200] "GET / HTTP/1.1" 200 2695
::1 - - [07/Feb/2024:22:16:34 +0200] "GET /regexp.php HTTP/1.1" 200 1519
::1 - - [07/Feb/2024:22:16:35 +0200] "GET / HTTP/1.1" 200 2695
::1 - - [07/Feb/2024:22:16:36 +0200] "GET /regexp.php HTTP/1.1" 200 1519
::1 - - [07/Feb/2024:22:16:39 +0200] "GET / HTTP/1.1" 200 2695
::1 - - [07/Feb/2024:22:16:42 +0200] "GET /regexp.php HTTP/1.1" 200 1519
::1 - - [07/Feb/2024:22:16:49 +0200] "GET / HTTP/1.1" 200 2695
::1 - - [07/Feb/2024:22:16:50 +0200] "GET /regexp.php HTTP/1.1" 200 1519
::1 - - [07/Feb/2024:22:16:53 +0200] "GET / HTTP/1.1" 200 2695
::1 - - [07/Feb/2024:22:17:48 +0200] "GET / HTTP/1.1" 200 2695
::1 - - [07/Feb/2024:22:17:49 +0200] "GET /regexp.php HTTP/1.1" 200 1519
::1 - - [07/Feb/2024:22:17:51 +0200] "GET / HTTP/1.1" 200 2695
::1 - - [07/Feb/2024:22:17:52 +0200] "GET /regexp.php HTTP/1.1" 200 1519
::1 - - [07/Feb/2024:22:18:08 +0200] "GET / HTTP/1.1" 200 2645
::1 - - [07/Feb/2024:22:18:09 +0200] "GET /regexp.php HTTP/1.1" 200 1519
::1 - - [07/Feb/2024:22:18:10 +0200] "GET / HTTP/1.1" 200 2645
::1 - - [07/Feb/2024:22:18:11 +0200] "GET /regexp.php HTTP/1.1" 200 1519
::1 - - [07/Feb/2024:22:18:13 +0200] "GET / HTTP/1.1" 200 2645
::1 - - [07/Feb/2024:22:18:25 +0200] "GET /regexp.php HTTP/1.1" 200 1519
::1 - - [07/Feb/2024:22:18:26 +0200] "GET / HTTP/1.1" 200 2645
::1 - - [07/Feb/2024:22:18:28 +0200] "GET /regexp.php HTTP/1.1" 200 1519
::1 - - [07/Feb/2024:22:18:29 +0200] "GET / HTTP/1.1" 200 2645
::1 - - [07/Feb/2024:22:18:30 +0200] "GET /regexp.php HTTP/1.1" 200 1519
::1 - - [07/Feb/2024:22:18:32 +0200] "GET / HTTP/1.1" 200 2645
::1 - - [07/Feb/2024:22:18:35 +0200] "GET /regexp.php HTTP/1.1" 200 1519
::1 - - [07/Feb/2024:22:18:56 +0200] "GET / HTTP/1.1" 200 2644
::1 - - [07/Feb/2024:22:18:58 +0200] "GET /regexp.php HTTP/1.1" 200 1519
::1 - - [07/Feb/2024:22:18:59 +0200] "GET / HTTP/1.1" 200 2644
::1 - - [07/Feb/2024:22:19:13 +0200] "GET / HTTP/1.1" 200 2644
::1 - - [07/Feb/2024:22:19:18 +0200] "GET / HTTP/1.1" 200 2644
::1 - - [07/Feb/2024:22:19:28 +0200] "GET / HTTP/1.1" 200 2644
::1 - - [07/Feb/2024:22:19:40 +0200] "GET / HTTP/1.1" 200 2644
::1 - - [07/Feb/2024:22:19:53 +0200] "GET / HTTP/1.1" 200 2644
::1 - - [07/Feb/2024:22:20:07 +0200] "GET / HTTP/1.1" 200 2644
::1 - - [07/Feb/2024:22:20:07 +0200] "GET /gialla.jpg HTTP/1.1" 304 -
::1 - - [07/Feb/2024:22:20:17 +0200] "GET / HTTP/1.1" 200 2644
::1 - - [07/Feb/2024:22:21:00 +0200] "GET / HTTP/1.1" 200 2644
::1 - - [07/Feb/2024:22:22:12 +0200] "GET / HTTP/1.1" 200 2673
::1 - - [07/Feb/2024:22:22:13 +0200] "GET / HTTP/1.1" 200 2673
::1 - - [07/Feb/2024:22:23:11 +0200] "GET / HTTP/1.1" 200 2661
::1 - - [07/Feb/2024:22:23:38 +0200] "GET / HTTP/1.1" 200 2661
::1 - - [07/Feb/2024:22:24:02 +0200] "GET / HTTP/1.1" 200 2666
::1 - - [07/Feb/2024:22:24:56 +0200] "GET / HTTP/1.1" 200 2666
::1 - - [07/Feb/2024:22:25:43 +0200] "GET / HTTP/1.1" 200 2667
::1 - - [07/Feb/2024:22:27:10 +0200] "GET / HTTP/1.1" 200 2666
::1 - - [07/Feb/2024:22:27:10 +0200] "GET /gialla.jpg HTTP/1.1" 304 -
::1 - - [07/Feb/2024:22:34:21 +0200] "GET / HTTP/1.1" 200 2689
::1 - - [07/Feb/2024:22:34:48 +0200] "GET / HTTP/1.1" 200 2690
::1 - - [07/Feb/2024:22:34:48 +0200] "GET /gialla.jpg HTTP/1.1" 304 -
::1 - - [07/Feb/2024:22:35:08 +0200] "GET / HTTP/1.1" 200 2690
::1 - - [07/Feb/2024:22:35:28 +0200] "GET / HTTP/1.1" 200 2690
::1 - - [07/Feb/2024:22:35:39 +0200] "GET / HTTP/1.1" 200 2690
::1 - - [07/Feb/2024:22:35:56 +0200] "GET / HTTP/1.1" 200 2690
::1 - - [07/Feb/2024:22:36:41 +0200] "GET / HTTP/1.1" 200 2690
::1 - - [07/Feb/2024:22:41:49 +0200] "GET / HTTP/1.1" 200 2768
::1 - - [07/Feb/2024:22:42:06 +0200] "GET / HTTP/1.1" 200 2768
::1 - - [07/Feb/2024:22:43:50 +0200] "GET / HTTP/1.1" 200 2783
::1 - - [07/Feb/2024:22:43:50 +0200] "GET /gialla.jpg HTTP/1.1" 304 -
::1 - - [07/Feb/2024:22:44:31 +0200] "GET / HTTP/1.1" 200 2783
::1 - - [07/Feb/2024:22:46:42 +0200] "GET / HTTP/1.1" 200 2772
::1 - - [07/Feb/2024:22:47:59 +0200] "GET / HTTP/1.1" 200 2768
::1 - - [07/Feb/2024:22:51:03 +0200] "GET / HTTP/1.1" 200 2823
::1 - - [07/Feb/2024:22:52:42 +0200] "GET / HTTP/1.1" 200 3023
::1 - - [07/Feb/2024:22:53:16 +0200] "GET / HTTP/1.1" 200 2979
::1 - - [07/Feb/2024:22:53:16 +0200] "GET /gialla.jpg HTTP/1.1" 304 -
::1 - - [07/Feb/2024:22:53:30 +0200] "GET / HTTP/1.1" 200 3003
::1 - - [07/Feb/2024:22:53:31 +0200] "GET / HTTP/1.1" 200 3003
::1 - - [07/Feb/2024:22:53:39 +0200] "GET / HTTP/1.1" 200 3023
::1 - - [07/Feb/2024:22:54:20 +0200] "GET / HTTP/1.1" 200 3023
::1 - - [07/Feb/2024:22:54:47 +0200] "GET / HTTP/1.1" 200 3023
::1 - - [07/Feb/2024:22:54:50 +0200] "GET / HTTP/1.1" 200 3023
::1 - - [07/Feb/2024:22:54:57 +0200] "GET / HTTP/1.1" 200 3011
::1 - - [07/Feb/2024:22:55:13 +0200] "GET / HTTP/1.1" 200 3023
::1 - - [07/Feb/2024:22:55:28 +0200] "GET / HTTP/1.1" 200 3023
::1 - - [07/Feb/2024:22:56:30 +0200] "GET / HTTP/1.1" 200 2870
::1 - - [07/Feb/2024:22:57:47 +0200] "GET / HTTP/1.1" 200 2870
::1 - - [07/Feb/2024:22:58:00 +0200] "GET / HTTP/1.1" 200 2823
::1 - - [07/Feb/2024:22:58:31 +0200] "GET / HTTP/1.1" 200 2825
::1 - - [07/Feb/2024:22:59:10 +0200] "GET / HTTP/1.1" 200 2772
::1 - - [07/Feb/2024:22:59:11 +0200] "GET / HTTP/1.1" 200 2772
::1 - - [07/Feb/2024:22:59:50 +0200] "GET /regexp.php HTTP/1.1" 200 1519
::1 - - [07/Feb/2024:23:01:15 +0200] "GET / HTTP/1.1" 200 2778
::1 - - [07/Feb/2024:23:01:29 +0200] "GET / HTTP/1.1" 200 2772
::1 - - [07/Feb/2024:23:02:10 +0200] "GET / HTTP/1.1" 200 2778
::1 - - [07/Feb/2024:23:02:38 +0200] "GET / HTTP/1.1" 200 2785
::1 - - [07/Feb/2024:23:02:40 +0200] "GET / HTTP/1.1" 200 2785
::1 - - [07/Feb/2024:23:03:21 +0200] "GET / HTTP/1.1" 200 2772
::1 - - [07/Feb/2024:23:03:21 +0200] "GET /gialla.jpg HTTP/1.1" 304 -
::1 - - [07/Feb/2024:23:09:00 +0200] "GET / HTTP/1.1" 200 3024
::1 - - [07/Feb/2024:23:09:16 +0200] "GET /regexp.php HTTP/1.1" 200 1519
::1 - - [07/Feb/2024:23:09:18 +0200] "GET / HTTP/1.1" 200 3024
::1 - - [07/Feb/2024:23:10:21 +0200] "GET /regexp.php HTTP/1.1" 200 1519
::1 - - [07/Feb/2024:23:10:24 +0200] "GET / HTTP/1.1" 200 3024
::1 - - [07/Feb/2024:23:11:11 +0200] "GET / HTTP/1.1" 200 3027
::1 - - [07/Feb/2024:23:11:16 +0200] "GET /regexp.php HTTP/1.1" 200 1519
::1 - - [07/Feb/2024:23:11:17 +0200] "GET / HTTP/1.1" 200 3027
::1 - - [07/Feb/2024:23:11:18 +0200] "GET /regexp.php HTTP/1.1" 200 1519
::1 - - [07/Feb/2024:23:11:18 +0200] "GET / HTTP/1.1" 200 3027
::1 - - [07/Feb/2024:23:11:20 +0200] "GET /regexp.php HTTP/1.1" 200 1519
::1 - - [07/Feb/2024:23:11:21 +0200] "GET / HTTP/1.1" 200 3027
::1 - - [07/Feb/2024:23:11:41 +0200] "GET / HTTP/1.1" 200 3033
::1 - - [07/Feb/2024:23:11:42 +0200] "GET /regexp.php HTTP/1.1" 200 1519
::1 - - [07/Feb/2024:23:11:44 +0200] "GET / HTTP/1.1" 200 3033
::1 - - [07/Feb/2024:23:11:45 +0200] "GET /regexp.php HTTP/1.1" 200 1519
::1 - - [07/Feb/2024:23:11:46 +0200] "GET / HTTP/1.1" 200 3033
::1 - - [07/Feb/2024:23:11:48 +0200] "GET /regexp.php HTTP/1.1" 200 1519
::1 - - [07/Feb/2024:23:11:50 +0200] "GET / HTTP/1.1" 200 3033
::1 - - [07/Feb/2024:23:12:07 +0200] "GET / HTTP/1.1" 200 3030
::1 - - [07/Feb/2024:23:12:30 +0200] "GET / HTTP/1.1" 200 3030
::1 - - [07/Feb/2024:23:12:31 +0200] "GET /regexp.php HTTP/1.1" 200 1519
::1 - - [07/Feb/2024:23:12:34 +0200] "GET / HTTP/1.1" 200 3030
::1 - - [07/Feb/2024:23:12:35 +0200] "GET /regexp.php HTTP/1.1" 200 1519
::1 - - [07/Feb/2024:23:12:36 +0200] "GET / HTTP/1.1" 200 3030
::1 - - [08/Feb/2024:19:50:50 +0200] "GET / HTTP/1.1" 200 3030
::1 - - [08/Feb/2024:19:50:50 +0200] "GET /gialla.jpg HTTP/1.1" 304 -
::1 - - [08/Feb/2024:19:51:15 +0200] "GET / HTTP/1.1" 200 3030
::1 - - [08/Feb/2024:19:51:15 +0200] "GET /gialla.jpg HTTP/1.1" 200 202937
::1 - - [08/Feb/2024:19:51:16 +0200] "GET /favicon.ico HTTP/1.1" 404 294
::1 - - [08/Feb/2024:19:51:27 +0200] "GET /regexp.php HTTP/1.1" 200 1519
::1 - - [08/Feb/2024:19:53:53 +0200] "GET /regexp.php HTTP/1.1" 200 1515
::1 - - [08/Feb/2024:19:55:42 +0200] "GET /regexp.php HTTP/1.1" 200 1581
::1 - - [08/Feb/2024:20:04:05 +0200] "GET / HTTP/1.1" 200 3030
::1 - - [08/Feb/2024:20:04:09 +0200] "GET /regexp.php HTTP/1.1" 200 1710
::1 - - [08/Feb/2024:20:04:09 +0200] "GET /gialla_left.jpg HTTP/1.1" 404 294
::1 - - [08/Feb/2024:20:04:09 +0200] "GET /gialla_right.jpg HTTP/1.1" 404 294
::1 - - [08/Feb/2024:20:05:10 +0200] "GET /regexp.php HTTP/1.1" 200 1714
::1 - - [08/Feb/2024:20:05:10 +0200] "GET /gialla_left.jpg HTTP/1.1" 404 294
::1 - - [08/Feb/2024:20:05:10 +0200] "GET /gialla_right.jpg HTTP/1.1" 404 294
::1 - - [08/Feb/2024:20:06:41 +0200] "GET /regexp.php HTTP/1.1" 200 1719
::1 - - [08/Feb/2024:20:06:41 +0200] "GET /gialla_right.jpg HTTP/1.1" 404 294
::1 - - [08/Feb/2024:20:06:48 +0200] "GET / HTTP/1.1" 200 3030
::1 - - [08/Feb/2024:20:08:21 +0200] "GET /regexp.php HTTP/1.1" 200 1719
::1 - - [08/Feb/2024:20:08:21 +0200] "GET /gialla_right.png HTTP/1.1" 200 362567
::1 - - [08/Feb/2024:20:09:25 +0200] "GET / HTTP/1.1" 200 3030
::1 - - [08/Feb/2024:20:09:26 +0200] "GET /regexp.php HTTP/1.1" 200 1710
::1 - - [08/Feb/2024:20:09:26 +0200] "GET /gialla_right.png HTTP/1.1" 304 -
::1 - - [08/Feb/2024:20:09:26 +0200] "GET /gialla_left.png HTTP/1.1" 200 76258
::1 - - [08/Feb/2024:20:10:48 +0200] "GET /regexp.php HTTP/1.1" 200 1730
::1 - - [08/Feb/2024:20:10:48 +0200] "GET /gialla_left.png HTTP/1.1" 304 -
::1 - - [08/Feb/2024:20:10:48 +0200] "GET /gialla_right.png HTTP/1.1" 304 -
::1 - - [08/Feb/2024:20:15:01 +0200] "GET /regexp.php HTTP/1.1" 200 1874
::1 - - [08/Feb/2024:20:15:01 +0200] "GET /gialla_left.png HTTP/1.1" 304 -
::1 - - [08/Feb/2024:20:15:01 +0200] "GET /gialla_right.png HTTP/1.1" 304 -
::1 - - [08/Feb/2024:20:18:46 +0200] "GET /regexp.php HTTP/1.1" 200 1916
::1 - - [08/Feb/2024:20:18:46 +0200] "GET /gialla_right.png HTTP/1.1" 304 -
::1 - - [08/Feb/2024:20:18:46 +0200] "GET /gialla_left.png HTTP/1.1" 304 -
::1 - - [08/Feb/2024:20:19:28 +0200] "GET /regexp.php HTTP/1.1" 200 1916
::1 - - [08/Feb/2024:20:20:00 +0200] "GET /regexp.php HTTP/1.1" 200 1914
::1 - - [08/Feb/2024:20:20:47 +0200] "GET /regexp.php HTTP/1.1" 200 1951
::1 - - [08/Feb/2024:20:20:47 +0200] "GET /gialla_left.png HTTP/1.1" 304 -
::1 - - [08/Feb/2024:20:20:47 +0200] "GET /gialla_right.png HTTP/1.1" 304 -
::1 - - [08/Feb/2024:20:21:27 +0200] "GET /regexp.php HTTP/1.1" 200 2139
::1 - - [08/Feb/2024:20:21:43 +0200] "GET /regexp.php HTTP/1.1" 200 2100
::1 - - [08/Feb/2024:20:22:11 +0200] "GET /regexp.php HTTP/1.1" 200 2028
::1 - - [08/Feb/2024:20:22:26 +0200] "GET /regexp.php HTTP/1.1" 200 2008
::1 - - [08/Feb/2024:20:23:12 +0200] "GET /regexp.php HTTP/1.1" 200 2116
::1 - - [08/Feb/2024:20:23:12 +0200] "GET /gialla_left.png HTTP/1.1" 304 -
::1 - - [08/Feb/2024:20:23:12 +0200] "GET /gialla_right.png HTTP/1.1" 304 -
::1 - - [08/Feb/2024:20:23:55 +0200] "GET /regexp.php HTTP/1.1" 200 1996
::1 - - [08/Feb/2024:20:25:08 +0200] "GET /regexp.php HTTP/1.1" 200 1996
::1 - - [08/Feb/2024:20:25:09 +0200] "GET / HTTP/1.1" 200 3030
::1 - - [08/Feb/2024:20:25:12 +0200] "GET /regexp.php HTTP/1.1" 200 1996
::1 - - [08/Feb/2024:20:31:26 +0200] "GET /regexp.php HTTP/1.1" 200 2981
::1 - - [08/Feb/2024:20:31:27 +0200] "GET /gialla_left.png HTTP/1.1" 304 -
::1 - - [08/Feb/2024:20:31:27 +0200] "GET /gialla_right.png HTTP/1.1" 304 -
::1 - - [08/Feb/2024:20:38:38 +0200] "GET /regexp.php HTTP/1.1" 200 2981
::1 - - [08/Feb/2024:20:38:38 +0200] "GET /gialla_left.png HTTP/1.1" 304 -
::1 - - [08/Feb/2024:20:38:38 +0200] "GET /gialla_right.png HTTP/1.1" 304 -
::1 - - [08/Feb/2024:20:39:26 +0200] "GET /regexp.php HTTP/1.1" 200 2981
::1 - - [08/Feb/2024:20:39:30 +0200] "GET /regexp.php HTTP/1.1" 200 2981
::1 - - [08/Feb/2024:20:39:34 +0200] "GET /regexp.php HTTP/1.1" 200 2981
::1 - - [08/Feb/2024:20:39:57 +0200] "GET /regexp.php HTTP/1.1" 200 2981
::1 - - [08/Feb/2024:20:39:58 +0200] "GET /regexp.php HTTP/1.1" 200 2981
::1 - - [08/Feb/2024:20:40:01 +0200] "GET / HTTP/1.1" 200 3030
::1 - - [08/Feb/2024:20:40:02 +0200] "GET /regexp.php HTTP/1.1" 200 2981
::1 - - [08/Feb/2024:20:40:18 +0200] "GET /regexp.php HTTP/1.1" 200 2981
::1 - - [08/Feb/2024:20:40:20 +0200] "GET / HTTP/1.1" 200 3030
::1 - - [08/Feb/2024:20:40:21 +0200] "GET /regexp.php HTTP/1.1" 200 2981
::1 - - [08/Feb/2024:20:42:06 +0200] "GET / HTTP/1.1" 200 3030
::1 - - [08/Feb/2024:20:42:22 +0200] "GET / HTTP/1.1" 200 3030
::1 - - [08/Feb/2024:20:42:36 +0200] "GET / HTTP/1.1" 200 3030
::1 - - [08/Feb/2024:20:42:37 +0200] "GET /regexp.php HTTP/1.1" 200 2981
::1 - - [08/Feb/2024:20:42:37 +0200] "GET /gialla_left.png HTTP/1.1" 200 75321
::1 - - [08/Feb/2024:20:42:37 +0200] "GET /gialla_right.png HTTP/1.1" 200 323230
::1 - - [08/Feb/2024:20:51:06 +0200] "GET /regexp.php HTTP/1.1" 200 2875
::1 - - [08/Feb/2024:20:51:06 +0200] "GET /gialla_right.png HTTP/1.1" 304 -
::1 - - [08/Feb/2024:20:51:06 +0200] "GET /gialla_left.png HTTP/1.1" 304 -
::1 - - [08/Feb/2024:20:54:46 +0200] "GET / HTTP/1.1" 200 3030
::1 - - [08/Feb/2024:20:54:47 +0200] "GET /regexp.php HTTP/1.1" 200 2875
::1 - - [08/Feb/2024:20:54:47 +0200] "GET /gialla_left.png HTTP/1.1" 304 -
::1 - - [08/Feb/2024:20:54:47 +0200] "GET /gialla_right.png HTTP/1.1" 304 -
::1 - - [08/Feb/2024:20:55:04 +0200] "GET /regexp.php HTTP/1.1" 200 2876
::1 - - [08/Feb/2024:21:05:00 +0200] "GET /regexp.php HTTP/1.1" 200 2651
::1 - - [08/Feb/2024:21:05:00 +0200] "GET /gialla_left.png HTTP/1.1" 304 -
::1 - - [08/Feb/2024:21:05:00 +0200] "GET /gialla_right.png HTTP/1.1" 304 -
::1 - - [08/Feb/2024:21:06:02 +0200] "GET /regexp.php HTTP/1.1" 200 5121
::1 - - [08/Feb/2024:21:13:20 +0200] "GET /regexp.php HTTP/1.1" 200 3194
::1 - - [08/Feb/2024:21:13:20 +0200] "GET /gialla_left.png HTTP/1.1" 304 -
::1 - - [08/Feb/2024:21:13:20 +0200] "GET /gialla_right.png HTTP/1.1" 304 -
::1 - - [08/Feb/2024:21:15:10 +0200] "GET /regexp.php HTTP/1.1" 200 3194
::1 - - [08/Feb/2024:21:15:11 +0200] "GET /regexp.php HTTP/1.1" 200 3194
::1 - - [08/Feb/2024:21:16:03 +0200] "GET /regexp.php HTTP/1.1" 200 3236
::1 - - [08/Feb/2024:21:16:47 +0200] "GET /regexp.php HTTP/1.1" 200 3245
::1 - - [08/Feb/2024:21:22:51 +0200] "GET /regexp.php HTTP/1.1" 200 3259
::1 - - [08/Feb/2024:21:22:51 +0200] "GET /gialla_left.png HTTP/1.1" 304 -
::1 - - [08/Feb/2024:21:22:51 +0200] "GET /gialla_right.png HTTP/1.1" 304 -
::1 - - [08/Feb/2024:21:22:52 +0200] "GET /regexp.php HTTP/1.1" 200 3259
::1 - - [08/Feb/2024:21:22:54 +0200] "GET /regexp.php HTTP/1.1" 200 3259
::1 - - [08/Feb/2024:21:23:49 +0200] "GET /regexp.php HTTP/1.1" 200 4908
::1 - - [08/Feb/2024:21:25:28 +0200] "GET /regexp.php HTTP/1.1" 200 4930
::1 - - [08/Feb/2024:21:27:19 +0200] "GET /regexp.php HTTP/1.1" 200 3295
::1 - - [08/Feb/2024:21:27:19 +0200] "GET /gialla_left.png HTTP/1.1" 304 -
::1 - - [08/Feb/2024:21:27:27 +0200] "GET /special_characters.php HTTP/1.1" 404 294
::1 - - [08/Feb/2024:21:27:31 +0200] "GET /groupies.php HTTP/1.1" 404 294
::1 - - [08/Feb/2024:21:27:34 +0200] "GET /quantifiers.php HTTP/1.1" 404 294
::1 - - [08/Feb/2024:21:27:37 +0200] "GET /anchors.php HTTP/1.1" 404 294
::1 - - [08/Feb/2024:21:29:26 +0200] "GET /regexp.php HTTP/1.1" 200 3287
::1 - - [08/Feb/2024:21:29:26 +0200] "GET /gialla_right.png HTTP/1.1" 304 -
::1 - - [08/Feb/2024:21:33:39 +0200] "GET /regexp.php HTTP/1.1" 200 3269
::1 - - [08/Feb/2024:21:33:39 +0200] "GET /gialla_left.png HTTP/1.1" 304 -
::1 - - [08/Feb/2024:21:36:17 +0200] "GET /regexp.php HTTP/1.1" 200 3215
::1 - - [08/Feb/2024:21:36:17 +0200] "GET /gialla_right.png HTTP/1.1" 304 -
::1 - - [08/Feb/2024:21:36:18 +0200] "GET /regexp.php HTTP/1.1" 200 3215
::1 - - [08/Feb/2024:21:36:19 +0200] "GET / HTTP/1.1" 200 3030
::1 - - [08/Feb/2024:21:36:24 +0200] "GET /regexp.php HTTP/1.1" 200 3215
::1 - - [08/Feb/2024:21:54:30 +0200] "GET /regexp.php HTTP/1.1" 200 4382
::1 - - [08/Feb/2024:21:54:30 +0200] "GET /gialla_right.png HTTP/1.1" 304 -
::1 - - [08/Feb/2024:21:54:30 +0200] "GET /gialla_left.png HTTP/1.1" 304 -
::1 - - [08/Feb/2024:21:54:44 +0200] "GET /regexp.php HTTP/1.1" 200 4382
::1 - - [08/Feb/2024:21:54:45 +0200] "GET / HTTP/1.1" 200 3030
::1 - - [08/Feb/2024:21:54:45 +0200] "GET /regexp.php HTTP/1.1" 200 4382
::1 - - [08/Feb/2024:21:54:46 +0200] "GET / HTTP/1.1" 200 3030
::1 - - [08/Feb/2024:21:54:47 +0200] "GET /regexp.php HTTP/1.1" 200 4382
::1 - - [08/Feb/2024:21:55:22 +0200] "GET /regexp.php HTTP/1.1" 200 2902
::1 - - [08/Feb/2024:21:56:48 +0200] "GET /regexp.php HTTP/1.1" 200 3177
::1 - - [08/Feb/2024:21:57:17 +0200] "GET /special_characters.php HTTP/1.1" 404 294
::1 - - [08/Feb/2024:21:57:24 +0200] "GET /regexp.php HTTP/1.1" 200 3177
::1 - - [08/Feb/2024:21:57:24 +0200] "GET / HTTP/1.1" 200 3030
::1 - - [08/Feb/2024:21:57:26 +0200] "GET /regexp.php HTTP/1.1" 200 3177
::1 - - [08/Feb/2024:22:07:57 +0200] "GET /regexp.php HTTP/1.1" 200 3207
::1 - - [08/Feb/2024:22:07:57 +0200] "GET /gialla_right.png HTTP/1.1" 304 -
::1 - - [08/Feb/2024:22:07:57 +0200] "GET /gialla_left.png HTTP/1.1" 304 -
::1 - - [08/Feb/2024:22:07:58 +0200] "GET /regexp.php HTTP/1.1" 200 3207
::1 - - [08/Feb/2024:22:08:00 +0200] "GET / HTTP/1.1" 200 3012
::1 - - [08/Feb/2024:22:08:00 +0200] "GET /gialla.jpg HTTP/1.1" 304 -
::1 - - [08/Feb/2024:22:08:01 +0200] "GET /regexp.php HTTP/1.1" 200 3207
::1 - - [08/Feb/2024:22:11:29 +0200] "GET /regexp.php HTTP/1.1" 200 3195
::1 - - [08/Feb/2024:22:11:30 +0200] "GET / HTTP/1.1" 200 3012
::1 - - [08/Feb/2024:22:11:31 +0200] "GET /regexp.php HTTP/1.1" 200 3195
::1 - - [08/Feb/2024:22:11:38 +0200] "GET /special_characters.php HTTP/1.1" 200 3228
::1 - - [08/Feb/2024:22:11:41 +0200] "GET /special_characters.php HTTP/1.1" 200 3228
::1 - - [08/Feb/2024:22:12:00 +0200] "GET / HTTP/1.1" 200 3012
::1 - - [08/Feb/2024:22:12:32 +0200] "GET / HTTP/1.1" 200 3012
::1 - - [08/Feb/2024:22:12:34 +0200] "GET / HTTP/1.1" 200 3012
::1 - - [08/Feb/2024:22:12:45 +0200] "GET /regexp.php HTTP/1.1" 200 3195
::1 - - [08/Feb/2024:22:16:00 +0200] "GET /regexp.php HTTP/1.1" 200 3195
::1 - - [08/Feb/2024:22:16:02 +0200] "GET / HTTP/1.1" 200 3012
::1 - - [08/Feb/2024:22:16:03 +0200] "GET /regexp.php HTTP/1.1" 200 3195
::1 - - [08/Feb/2024:22:16:07 +0200] "GET /special_characters.php HTTP/1.1" 200 1538
::1 - - [08/Feb/2024:22:16:22 +0200] "GET /regexp.php HTTP/1.1" 200 3195
::1 - - [08/Feb/2024:22:17:37 +0200] "GET /regexp.php HTTP/1.1" 200 3195
::1 - - [08/Feb/2024:22:17:37 +0200] "GET /gialla_left.png HTTP/1.1" 304 -
::1 - - [08/Feb/2024:22:17:37 +0200] "GET /gialla_right.png HTTP/1.1" 304 -
::1 - - [08/Feb/2024:22:17:39 +0200] "GET /special_characters.php HTTP/1.1" 200 3623
::1 - - [08/Feb/2024:22:19:27 +0200] "GET /regexp.php HTTP/1.1" 200 3183
::1 - - [08/Feb/2024:22:23:21 +0200] "GET /regexp.php HTTP/1.1" 200 2454
::1 - - [08/Feb/2024:22:23:23 +0200] "GET /regexp.php HTTP/1.1" 200 2454
::1 - - [08/Feb/2024:22:23:25 +0200] "GET /regexp.php HTTP/1.1" 200 2454
::1 - - [08/Feb/2024:22:23:26 +0200] "GET / HTTP/1.1" 200 3012
::1 - - [08/Feb/2024:22:23:26 +0200] "GET /regexp.php HTTP/1.1" 200 2454
::1 - - [08/Feb/2024:22:26:09 +0200] "GET / HTTP/1.1" 200 3012
::1 - - [08/Feb/2024:22:26:09 +0200] "GET /regexp.php HTTP/1.1" 200 3185
::1 - - [08/Feb/2024:22:26:12 +0200] "GET /special_characters.php HTTP/1.1" 200 3534
::1 - - [08/Feb/2024:22:27:50 +0200] "GET / HTTP/1.1" 200 3012
::1 - - [08/Feb/2024:22:27:51 +0200] "GET /regexp.php HTTP/1.1" 200 3185
::1 - - [08/Feb/2024:22:27:51 +0200] "GET /gialla_left.png HTTP/1.1" 304 -
::1 - - [08/Feb/2024:22:27:51 +0200] "GET /gialla_right.png HTTP/1.1" 304 -
::1 - - [08/Feb/2024:22:27:53 +0200] "GET /special_characters.php HTTP/1.1" 200 3216
::1 - - [08/Feb/2024:22:35:53 +0200] "GET /groupies.php HTTP/1.1" 200 3220
::1 - - [08/Feb/2024:22:35:57 +0200] "GET /quantifiers.php HTTP/1.1" 200 3223
::1 - - [08/Feb/2024:22:36:02 +0200] "GET /anchors.php HTTP/1.1" 200 3219
::1 - - [08/Feb/2024:22:37:10 +0200] "GET /anchors.php HTTP/1.1" 200 3225
::1 - - [08/Feb/2024:22:38:03 +0200] "GET /anchors.php HTTP/1.1" 200 3219
::1 - - [08/Feb/2024:22:56:40 +0200] "GET /anchors.php HTTP/1.1" 200 3216
::1 - - [08/Feb/2024:22:56:40 +0200] "GET /gialla_left.png HTTP/1.1" 304 -
::1 - - [08/Feb/2024:22:56:40 +0200] "GET /gialla_right.png HTTP/1.1" 304 -
::1 - - [08/Feb/2024:22:57:04 +0200] "GET /special_characters.php HTTP/1.1" 200 3227
::1 - - [08/Feb/2024:22:57:09 +0200] "GET /groupies.php HTTP/1.1" 200 3217
::1 - - [08/Feb/2024:22:57:13 +0200] "GET /quantifiers.php HTTP/1.1" 200 3220
::1 - - [08/Feb/2024:22:57:16 +0200] "GET /anchors.php HTTP/1.1" 200 3216
::1 - - [08/Feb/2024:23:06:36 +0200] "GET /anchors.php HTTP/1.1" 200 33277635
::1 - - [08/Feb/2024:23:06:43 +0200] "GET / HTTP/1.1" 200 3012
::1 - - [08/Feb/2024:23:06:42 +0200] "GET /regexp.php HTTP/1.1" 200 4771395
::1 - - [08/Feb/2024:23:06:44 +0200] "GET /regexp.php HTTP/1.1" 200 250571132
::1 - - [08/Feb/2024:23:07:25 +0200] "GET /regexp.php HTTP/1.1" 200 3196
::1 - - [08/Feb/2024:23:07:26 +0200] "GET /anchors.php HTTP/1.1" 200 3216
::1 - - [08/Feb/2024:23:07:45 +0200] "GET /regexp.php HTTP/1.1" 200 3196
::1 - - [08/Feb/2024:23:07:50 +0200] "GET / HTTP/1.1" 200 3012
::1 - - [08/Feb/2024:23:07:51 +0200] "GET / HTTP/1.1" 200 3012
::1 - - [08/Feb/2024:23:08:04 +0200] "GET / HTTP/1.1" 200 3012
::1 - - [08/Feb/2024:23:08:06 +0200] "GET /regexp.php HTTP/1.1" 200 3196
::1 - - [08/Feb/2024:23:08:11 +0200] "GET /special_characters.php HTTP/1.1" 200 3227
::1 - - [08/Feb/2024:23:14:34 +0200] "GET /special_characters.php HTTP/1.1" 200 3240
::1 - - [08/Feb/2024:23:14:34 +0200] "GET /gialla_left.png HTTP/1.1" 304 -
::1 - - [08/Feb/2024:23:14:34 +0200] "GET /gialla_right.png HTTP/1.1" 304 -
::1 - - [08/Feb/2024:23:14:38 +0200] "GET / HTTP/1.1" 200 3012
::1 - - [08/Feb/2024:23:14:39 +0200] "GET /regexp.php HTTP/1.1" 200 3209
::1 - - [08/Feb/2024:23:14:42 +0200] "GET /special_characters.php HTTP/1.1" 200 3240
::1 - - [08/Feb/2024:23:15:02 +0200] "GET /groupies.php HTTP/1.1" 200 3230
::1 - - [08/Feb/2024:23:15:10 +0200] "GET /quantifiers.php HTTP/1.1" 200 3233
::1 - - [08/Feb/2024:23:15:14 +0200] "GET /anchors.php HTTP/1.1" 200 3229
::1 - - [08/Feb/2024:23:15:19 +0200] "GET /special_characters.php HTTP/1.1" 200 3240
::1 - - [08/Feb/2024:23:16:24 +0200] "GET /regexp.php HTTP/1.1" 200 3209
::1 - - [08/Feb/2024:23:16:27 +0200] "GET / HTTP/1.1" 200 3012
::1 - - [08/Feb/2024:23:16:29 +0200] "GET /regexp.php HTTP/1.1" 200 3209
::1 - - [08/Feb/2024:23:16:35 +0200] "GET /special_characters.php HTTP/1.1" 200 3240
::1 - - [08/Feb/2024:23:16:39 +0200] "GET /groupies.php HTTP/1.1" 200 3230
::1 - - [08/Feb/2024:23:16:42 +0200] "GET /quantifiers.php HTTP/1.1" 200 3233
::1 - - [08/Feb/2024:23:16:46 +0200] "GET /anchors.php HTTP/1.1" 200 3229
::1 - - [08/Feb/2024:23:16:52 +0200] "GET /special_characters.php HTTP/1.1" 200 3240
::1 - - [08/Feb/2024:23:22:17 +0200] "GET /special_characters.php HTTP/1.1" 200 3311
::1 - - [08/Feb/2024:23:22:25 +0200] "GET /special_characters.php HTTP/1.1" 200 3311
::1 - - [08/Feb/2024:23:22:28 +0200] "GET /groupies.php HTTP/1.1" 200 3230
::1 - - [08/Feb/2024:23:22:30 +0200] "GET /special_characters.php HTTP/1.1" 200 3311
::1 - - [08/Feb/2024:23:23:03 +0200] "GET /special_characters.php HTTP/1.1" 200 3328
::1 - - [08/Feb/2024:23:23:04 +0200] "GET /special_characters.php HTTP/1.1" 200 3328
::1 - - [08/Feb/2024:23:23:33 +0200] "GET /special_characters.php HTTP/1.1" 200 3377
::1 - - [08/Feb/2024:23:25:00 +0200] "GET /special_characters.php HTTP/1.1" 200 3348
::1 - - [08/Feb/2024:23:25:22 +0200] "GET /special_characters.php HTTP/1.1" 200 3334
::1 - - [08/Feb/2024:23:26:13 +0200] "GET /quantifiers.php HTTP/1.1" 200 3233
::1 - - [08/Feb/2024:23:26:14 +0200] "GET /special_characters.php HTTP/1.1" 200 3328
::1 - - [08/Feb/2024:23:26:15 +0200] "GET /groupies.php HTTP/1.1" 200 3230
::1 - - [08/Feb/2024:23:26:16 +0200] "GET /special_characters.php HTTP/1.1" 200 3328
::1 - - [08/Feb/2024:23:26:20 +0200] "GET / HTTP/1.1" 200 3012
::1 - - [08/Feb/2024:23:26:21 +0200] "GET /regexp.php HTTP/1.1" 200 3209
::1 - - [08/Feb/2024:23:28:01 +0200] "GET /special_characters.php HTTP/1.1" 200 3353
::1 - - [08/Feb/2024:23:28:12 +0200] "GET / HTTP/1.1" 200 3012
::1 - - [08/Feb/2024:23:28:13 +0200] "GET /regexp.php HTTP/1.1" 200 3209
::1 - - [08/Feb/2024:23:28:15 +0200] "GET /groupies.php HTTP/1.1" 200 3230
::1 - - [08/Feb/2024:23:28:16 +0200] "GET /special_characters.php HTTP/1.1" 200 3353
::1 - - [08/Feb/2024:23:28:33 +0200] "GET /special_characters.php HTTP/1.1" 200 3341
::1 - - [08/Feb/2024:23:28:45 +0200] "GET /special_characters.php HTTP/1.1" 200 3322
::1 - - [08/Feb/2024:23:28:48 +0200] "GET /groupies.php HTTP/1.1" 200 3230
::1 - - [08/Feb/2024:23:28:48 +0200] "GET /special_characters.php HTTP/1.1" 200 3322
::1 - - [08/Feb/2024:23:28:49 +0200] "GET /quantifiers.php HTTP/1.1" 200 3233
::1 - - [08/Feb/2024:23:28:56 +0200] "GET /special_characters.php HTTP/1.1" 200 3322
::1 - - [08/Feb/2024:23:30:34 +0200] "GET / HTTP/1.1" 200 3012
::1 - - [08/Feb/2024:23:30:35 +0200] "GET /regexp.php HTTP/1.1" 200 3258
::1 - - [08/Feb/2024:23:30:35 +0200] "GET /gialla_left.png HTTP/1.1" 304 -
::1 - - [08/Feb/2024:23:30:35 +0200] "GET /gialla_right.png HTTP/1.1" 304 -
::1 - - [08/Feb/2024:23:34:40 +0200] "GET / HTTP/1.1" 200 3012
::1 - - [08/Feb/2024:23:34:41 +0200] "GET /regexp.php HTTP/1.1" 200 3258
::1 - - [08/Feb/2024:23:34:43 +0200] "GET /special_characters.php HTTP/1.1" 200 3320
::1 - - [08/Feb/2024:23:35:08 +0200] "GET /regexp.php HTTP/1.1" 200 3258
::1 - - [08/Feb/2024:23:36:42 +0200] "GET /special_characters.php HTTP/1.1" 200 3313
::1 - - [08/Feb/2024:23:38:00 +0200] "GET /special_characters.php HTTP/1.1" 200 3312
::1 - - [08/Feb/2024:23:38:05 +0200] "GET / HTTP/1.1" 200 3012
::1 - - [08/Feb/2024:23:38:05 +0200] "GET /regexp.php HTTP/1.1" 200 3258
::1 - - [08/Feb/2024:23:38:29 +0200] "GET /regexp.php HTTP/1.1" 200 3264
::1 - - [08/Feb/2024:23:38:30 +0200] "GET /regexp.php HTTP/1.1" 200 3264
::1 - - [08/Feb/2024:23:38:31 +0200] "GET /regexp.php HTTP/1.1" 200 3264
::1 - - [08/Feb/2024:23:38:32 +0200] "GET / HTTP/1.1" 200 3012
::1 - - [08/Feb/2024:23:38:33 +0200] "GET /regexp.php HTTP/1.1" 200 3264
::1 - - [08/Feb/2024:23:38:34 +0200] "GET /special_characters.php HTTP/1.1" 200 3318
::1 - - [08/Feb/2024:23:38:38 +0200] "GET /groupies.php HTTP/1.1" 200 3285
::1 - - [08/Feb/2024:23:38:41 +0200] "GET /special_characters.php HTTP/1.1" 200 3318
::1 - - [08/Feb/2024:23:39:51 +0200] "GET /special_characters.php HTTP/1.1" 200 3313
::1 - - [08/Feb/2024:23:44:02 +0200] "GET / HTTP/1.1" 200 3012
::1 - - [08/Feb/2024:23:44:03 +0200] "GET /regexp.php HTTP/1.1" 200 3259
::1 - - [08/Feb/2024:23:44:09 +0200] "GET /groupies.php HTTP/1.1" 200 6227
::1 - - [08/Feb/2024:23:44:16 +0200] "GET /regexp.php HTTP/1.1" 200 3259
::1 - - [08/Feb/2024:23:44:18 +0200] "GET /special_characters.php HTTP/1.1" 200 6298
::1 - - [08/Feb/2024:23:44:20 +0200] "GET /regexp.php HTTP/1.1" 200 3259
::1 - - [08/Feb/2024:23:44:21 +0200] "GET /groupies.php HTTP/1.1" 200 6227
::1 - - [08/Feb/2024:23:44:23 +0200] "GET /regexp.php HTTP/1.1" 200 3259
::1 - - [08/Feb/2024:23:44:25 +0200] "GET /quantifiers.php HTTP/1.1" 200 3283
::1 - - [08/Feb/2024:23:44:28 +0200] "GET /special_characters.php HTTP/1.1" 200 6298
::1 - - [08/Feb/2024:23:44:30 +0200] "GET /regexp.php HTTP/1.1" 200 3259
::1 - - [08/Feb/2024:23:45:15 +0200] "GET /special_characters.php HTTP/1.1" 200 6316
::1 - - [08/Feb/2024:23:45:17 +0200] "GET /groupies.php HTTP/1.1" 200 6245
::1 - - [08/Feb/2024:23:45:22 +0200] "GET /special_characters.php HTTP/1.1" 200 6316
::1 - - [08/Feb/2024:23:45:23 +0200] "GET /groupies.php HTTP/1.1" 200 6245
::1 - - [08/Feb/2024:23:45:25 +0200] "GET /quantifiers.php HTTP/1.1" 200 3292
::1 - - [08/Feb/2024:23:49:03 +0200] "GET /regexp.php HTTP/1.1" 200 3268
::1 - - [08/Feb/2024:23:49:05 +0200] "GET / HTTP/1.1" 200 3012
::1 - - [08/Feb/2024:23:49:06 +0200] "GET /regexp.php HTTP/1.1" 200 3268
::1 - - [08/Feb/2024:23:49:08 +0200] "GET / HTTP/1.1" 200 3012
::1 - - [08/Feb/2024:23:49:13 +0200] "GET /regexp.php HTTP/1.1" 200 3268
::1 - - [08/Feb/2024:23:49:18 +0200] "GET / HTTP/1.1" 200 3012
::1 - - [08/Feb/2024:23:50:14 +0200] "GET /regexp.php HTTP/1.1" 200 4048
::1 - - [08/Feb/2024:23:50:14 +0200] "GET /gialla_left.png HTTP/1.1" 304 -
::1 - - [08/Feb/2024:23:50:14 +0200] "GET /gialla_right.png HTTP/1.1" 304 -
::1 - - [08/Feb/2024:23:50:17 +0200] "GET /special_characters.php HTTP/1.1" 200 6316
::1 - - [08/Feb/2024:23:50:19 +0200] "GET /groupies.php HTTP/1.1" 200 6245
::1 - - [08/Feb/2024:23:50:20 +0200] "GET /quantifiers.php HTTP/1.1" 200 4113
::1 - - [08/Feb/2024:23:51:06 +0200] "GET /quantifiers.php HTTP/1.1" 200 6269
::1 - - [08/Feb/2024:23:51:07 +0200] "GET /quantifiers.php HTTP/1.1" 200 6269
::1 - - [08/Feb/2024:23:51:45 +0200] "GET /anchors.php HTTP/1.1" 200 6259
::1 - - [08/Feb/2024:23:51:47 +0200] "GET /quantifiers.php HTTP/1.1" 200 6269
::1 - - [08/Feb/2024:23:51:48 +0200] "GET /groupies.php HTTP/1.1" 200 6245
::1 - - [08/Feb/2024:23:51:50 +0200] "GET /special_characters.php HTTP/1.1" 200 6316
::1 - - [08/Feb/2024:23:51:52 +0200] "GET /groupies.php HTTP/1.1" 200 6245
::1 - - [08/Feb/2024:23:51:54 +0200] "GET /special_characters.php HTTP/1.1" 200 6316
::1 - - [08/Feb/2024:23:52:51 +0200] "GET /quantifiers.php HTTP/1.1" 200 6243
::1 - - [08/Feb/2024:23:53:18 +0200] "GET /anchors.php HTTP/1.1" 200 6236
::1 - - [08/Feb/2024:23:53:19 +0200] "GET /quantifiers.php HTTP/1.1" 200 6243
::1 - - [08/Feb/2024:23:53:20 +0200] "GET /groupies.php HTTP/1.1" 200 6245
::1 - - [08/Feb/2024:23:53:21 +0200] "GET /special_characters.php HTTP/1.1" 200 6316
::1 - - [08/Feb/2024:23:53:25 +0200] "GET /groupies.php HTTP/1.1" 200 6245
::1 - - [08/Feb/2024:23:53:28 +0200] "GET /quantifiers.php HTTP/1.1" 200 6243
::1 - - [08/Feb/2024:23:53:31 +0200] "GET /anchors.php HTTP/1.1" 200 6236
::1 - - [08/Feb/2024:23:53:42 +0200] "GET / HTTP/1.1" 200 3012
::1 - - [08/Feb/2024:23:53:46 +0200] "GET /regexp.php HTTP/1.1" 200 4048
::1 - - [08/Feb/2024:23:53:52 +0200] "GET /special_characters.php HTTP/1.1" 200 6316
::1 - - [08/Feb/2024:23:53:53 +0200] "GET /groupies.php HTTP/1.1" 200 6245
::1 - - [08/Feb/2024:23:53:54 +0200] "GET /quantifiers.php HTTP/1.1" 200 6243
::1 - - [08/Feb/2024:23:53:55 +0200] "GET /anchors.php HTTP/1.1" 200 6236
::1 - - [08/Feb/2024:23:55:13 +0200] "GET / HTTP/1.1" 200 3012
::1 - - [08/Feb/2024:23:55:14 +0200] "GET /regexp.php HTTP/1.1" 200 4048
::1 - - [08/Feb/2024:23:55:44 +0200] "GET /regexp.php HTTP/1.1" 200 2690
::1 - - [08/Feb/2024:23:56:15 +0200] "GET /regexp.php HTTP/1.1" 200 4867
::1 - - [08/Feb/2024:23:56:21 +0200] "GET /regexp.php HTTP/1.1" 200 4867
::1 - - [08/Feb/2024:23:56:22 +0200] "GET / HTTP/1.1" 200 3012
::1 - - [08/Feb/2024:23:56:22 +0200] "GET /regexp.php HTTP/1.1" 200 4867
::1 - - [08/Feb/2024:23:57:22 +0200] "GET / HTTP/1.1" 200 3012
::1 - - [08/Feb/2024:23:57:23 +0200] "GET / HTTP/1.1" 200 3012
::1 - - [08/Feb/2024:23:57:25 +0200] "GET /regexp.php HTTP/1.1" 200 4867
::1 - - [08/Feb/2024:23:57:27 +0200] "GET /special_characters.php HTTP/1.1" 200 5026
::1 - - [08/Feb/2024:23:57:30 +0200] "GET /groupies.php HTTP/1.1" 200 4916
::1 - - [08/Feb/2024:23:57:31 +0200] "GET /quantifiers.php HTTP/1.1" 200 4926
::1 - - [08/Feb/2024:23:57:32 +0200] "GET /anchors.php HTTP/1.1" 200 4904
::1 - - [08/Feb/2024:23:59:19 +0200] "GET / HTTP/1.1" 200 3012
::1 - - [08/Feb/2024:23:59:15 +0200] "GET /anchors.php HTTP/1.1" 200 37777444
::1 - - [09/Feb/2024:00:00:06 +0200] "GET / HTTP/1.1" 200 3012
::1 - - [09/Feb/2024:00:00:07 +0200] "GET / HTTP/1.1" 200 3012
::1 - - [08/Feb/2024:23:59:20 +0200] "GET /regexp.php HTTP/1.1" 200 371101808
::1 - - [09/Feb/2024:00:00:15 +0200] "GET / HTTP/1.1" 200 3012
::1 - - [09/Feb/2024:00:00:24 +0200] "GET / HTTP/1.1" 200 3012
::1 - - [09/Feb/2024:00:02:50 +0200] "GET /regexp.php HTTP/1.1" 200 4871
::1 - - [09/Feb/2024:00:02:52 +0200] "GET / HTTP/1.1" 200 3012
::1 - - [09/Feb/2024:00:04:43 +0200] "GET /regexp.php HTTP/1.1" 200 4457
::1 - - [09/Feb/2024:00:04:48 +0200] "GET /special_characters.php HTTP/1.1" 200 4498
::1 - - [09/Feb/2024:00:04:52 +0200] "GET /regexp.php HTTP/1.1" 200 4457
::1 - - [09/Feb/2024:00:04:53 +0200] "GET /groupies.php HTTP/1.1" 200 4920
::1 - - [09/Feb/2024:00:04:55 +0200] "GET /regexp.php HTTP/1.1" 200 4457
::1 - - [09/Feb/2024:00:04:57 +0200] "GET /special_characters.php HTTP/1.1" 200 4498
::1 - - [09/Feb/2024:00:06:43 +0200] "GET /regexp.php HTTP/1.1" 200 4457
::1 - - [09/Feb/2024:00:06:44 +0200] "GET /special_characters.php HTTP/1.1" 200 4568
::1 - - [09/Feb/2024:00:06:46 +0200] "GET /groupies.php HTTP/1.1" 200 4498
::1 - - [09/Feb/2024:00:06:48 +0200] "GET /special_characters.php HTTP/1.1" 200 4568
::1 - - [09/Feb/2024:00:06:50 +0200] "GET /groupies.php HTTP/1.1" 200 4498
::1 - - [09/Feb/2024:00:06:51 +0200] "GET /quantifiers.php HTTP/1.1" 200 4930
::1 - - [09/Feb/2024:00:07:19 +0200] "GET /quantifiers.php HTTP/1.1" 200 4496
::1 - - [09/Feb/2024:00:07:22 +0200] "GET /anchors.php HTTP/1.1" 200 4490
::1 - - [09/Feb/2024:00:07:23 +0200] "GET /special_characters.php HTTP/1.1" 200 4568
::1 - - [09/Feb/2024:00:07:24 +0200] "GET /groupies.php HTTP/1.1" 200 4498
::1 - - [09/Feb/2024:00:07:25 +0200] "GET /quantifiers.php HTTP/1.1" 200 4496
::1 - - [09/Feb/2024:00:07:26 +0200] "GET /anchors.php HTTP/1.1" 200 4490
::1 - - [09/Feb/2024:00:07:35 +0200] "GET / HTTP/1.1" 200 3012
::1 - - [09/Feb/2024:00:07:38 +0200] "GET /regexp.php HTTP/1.1" 200 4457
::1 - - [09/Feb/2024:18:33:07 +0200] "GET / HTTP/1.1" 200 3012
::1 - - [09/Feb/2024:18:33:07 +0200] "GET /gialla.jpg HTTP/1.1" 304 -
::1 - - [09/Feb/2024:18:33:09 +0200] "GET / HTTP/1.1" 200 3012
::1 - - [09/Feb/2024:18:33:09 +0200] "GET /gialla.jpg HTTP/1.1" 200 202937
::1 - - [09/Feb/2024:18:33:09 +0200] "GET /favicon.ico HTTP/1.1" 404 294
::1 - - [09/Feb/2024:18:33:11 +0200] "GET /regexp.php HTTP/1.1" 200 4457
::1 - - [09/Feb/2024:18:33:11 +0200] "GET /gialla_left.png HTTP/1.1" 304 -
::1 - - [09/Feb/2024:18:33:11 +0200] "GET /gialla_right.png HTTP/1.1" 304 -
::1 - - [09/Feb/2024:18:33:13 +0200] "GET /special_characters.php HTTP/1.1" 200 4568
::1 - - [09/Feb/2024:18:41:51 +0200] "GET /special_characters.php HTTP/1.1" 200 5278
::1 - - [09/Feb/2024:18:43:03 +0200] "GET /special_characters.php HTTP/1.1" 200 5278
::1 - - [09/Feb/2024:18:43:15 +0200] "GET /special_characters.php HTTP/1.1" 200 5251
::1 - - [09/Feb/2024:18:43:52 +0200] "GET /special_characters.php HTTP/1.1" 200 5267
::1 - - [09/Feb/2024:18:50:54 +0200] "GET /special_characters.php HTTP/1.1" 200 6541
::1 - - [09/Feb/2024:18:51:55 +0200] "GET /special_characters.php HTTP/1.1" 200 6541
::1 - - [09/Feb/2024:18:52:10 +0200] "GET /special_characters.php HTTP/1.1" 200 6542
::1 - - [09/Feb/2024:18:52:12 +0200] "GET /special_characters.php HTTP/1.1" 200 6542
::1 - - [09/Feb/2024:19:06:16 +0200] "GET /groupies.php HTTP/1.1" 200 6380
::1 - - [09/Feb/2024:19:16:01 +0200] "GET /groupies.php HTTP/1.1" 200 6380
::1 - - [09/Feb/2024:19:16:04 +0200] "GET /quantifiers.php HTTP/1.1" 200 6407
::1 - - [09/Feb/2024:19:18:02 +0200] "GET /groupies.php HTTP/1.1" 200 6380
::1 - - [09/Feb/2024:19:18:04 +0200] "GET /special_characters.php HTTP/1.1" 200 6534
::1 - - [09/Feb/2024:19:18:20 +0200] "GET /quantifiers.php HTTP/1.1" 200 6407
::1 - - [09/Feb/2024:19:19:17 +0200] "GET /quantifiers.php HTTP/1.1" 200 6431
::1 - - [09/Feb/2024:19:19:28 +0200] "GET /anchors.php HTTP/1.1" 200 4490
::1 - - [09/Feb/2024:19:30:26 +0200] "GET /anchors.php HTTP/1.1" 200 5005
::1 - - [09/Feb/2024:19:30:43 +0200] "GET / HTTP/1.1" 200 3012
::1 - - [09/Feb/2024:19:30:44 +0200] "GET /regexp.php HTTP/1.1" 200 3220
::1 - - [09/Feb/2024:19:30:46 +0200] "GET /special_characters.php HTTP/1.1" 200 5297
::1 - - [09/Feb/2024:19:30:48 +0200] "GET /groupies.php HTTP/1.1" 200 5143
::1 - - [09/Feb/2024:19:30:49 +0200] "GET /quantifiers.php HTTP/1.1" 200 5194
::1 - - [09/Feb/2024:19:30:51 +0200] "GET /anchors.php HTTP/1.1" 200 5005
::1 - - [09/Feb/2024:19:31:20 +0200] "GET / HTTP/1.1" 200 3012
::1 - - [09/Feb/2024:19:31:21 +0200] "GET /regexp.php HTTP/1.1" 200 3220
::1 - - [09/Feb/2024:19:31:23 +0200] "GET /groupies.php HTTP/1.1" 200 5143
::1 - - [09/Feb/2024:19:31:26 +0200] "GET /regexp.php HTTP/1.1" 200 3220
::1 - - [09/Feb/2024:19:48:19 +0200] "GET / HTTP/1.1" 200 3012
::1 - - [09/Feb/2024:19:48:19 +0200] "GET /regexp.php HTTP/1.1" 200 3220
::1 - - [09/Feb/2024:19:48:21 +0200] "GET /special_characters.php HTTP/1.1" 200 7898
::1 - - [09/Feb/2024:19:50:28 +0200] "GET /special_characters.php HTTP/1.1" 200 8474
::1 - - [09/Feb/2024:19:57:45 +0200] "GET /special_characters.php HTTP/1.1" 200 8502
::1 - - [09/Feb/2024:19:57:49 +0200] "GET /groupies.php HTTP/1.1" 200 5143
::1 - - [09/Feb/2024:19:57:53 +0200] "GET /quantifiers.php HTTP/1.1" 200 5194
::1 - - [09/Feb/2024:19:57:54 +0200] "GET /anchors.php HTTP/1.1" 200 5005
::1 - - [09/Feb/2024:19:57:55 +0200] "GET /special_characters.php HTTP/1.1" 200 8502
::1 - - [09/Feb/2024:19:59:34 +0200] "GET /regexp.php HTTP/1.1" 200 3220
::1 - - [09/Feb/2024:19:59:36 +0200] "GET / HTTP/1.1" 200 3012
::1 - - [09/Feb/2024:19:59:37 +0200] "GET /regexp.php HTTP/1.1" 200 3220
::1 - - [09/Feb/2024:19:59:38 +0200] "GET /special_characters.php HTTP/1.1" 200 8502
::1 - - [09/Feb/2024:20:00:42 +0200] "GET /special_characters.php HTTP/1.1" 200 8503
::1 - - [09/Feb/2024:20:09:46 +0200] "GET /special_characters.php HTTP/1.1" 200 8610
::1 - - [09/Feb/2024:20:14:31 +0200] "GET /special_characters.php HTTP/1.1" 200 8610
::1 - - [09/Feb/2024:20:14:32 +0200] "GET /special_characters.php HTTP/1.1" 200 8610
::1 - - [09/Feb/2024:20:14:34 +0200] "GET /groupies.php HTTP/1.1" 200 5143
::1 - - [09/Feb/2024:20:14:35 +0200] "GET /quantifiers.php HTTP/1.1" 200 5194
::1 - - [09/Feb/2024:20:14:36 +0200] "GET /special_characters.php HTTP/1.1" 200 8610
::1 - - [09/Feb/2024:20:17:18 +0200] "GET /special_characters.php HTTP/1.1" 200 8865
::1 - - [09/Feb/2024:20:21:07 +0200] "GET /special_characters.php HTTP/1.1" 200 8985
::1 - - [09/Feb/2024:20:21:45 +0200] "GET /special_characters.php HTTP/1.1" 200 8991
::1 - - [09/Feb/2024:20:23:05 +0200] "GET /special_characters.php HTTP/1.1" 200 5303
::1 - - [09/Feb/2024:20:23:15 +0200] "GET /regexp.php HTTP/1.1" 200 3226
::1 - - [09/Feb/2024:20:23:17 +0200] "GET / HTTP/1.1" 200 3012
