[Thu Feb 08 21:27:27.914896 2024] [php:error] [pid 5732:tid 1892] [client ::1:51009] script 'D:/Project/PHP_YP_DZ/special_characters.php' not found or unable to stat, referer: http://ypdz.loc/regexp.php
[Thu Feb 08 21:27:31.930616 2024] [php:error] [pid 5732:tid 1892] [client ::1:51009] script 'D:/Project/PHP_YP_DZ/groupies.php' not found or unable to stat, referer: http://ypdz.loc/regexp.php
[Thu Feb 08 21:27:34.815231 2024] [php:error] [pid 5732:tid 1892] [client ::1:51009] script 'D:/Project/PHP_YP_DZ/quantifiers.php' not found or unable to stat, referer: http://ypdz.loc/regexp.php
[Thu Feb 08 21:27:37.924729 2024] [php:error] [pid 5732:tid 1892] [client ::1:51009] script 'D:/Project/PHP_YP_DZ/anchors.php' not found or unable to stat, referer: http://ypdz.loc/regexp.php
[Thu Feb 08 21:57:17.390753 2024] [php:error] [pid 5732:tid 1892] [client ::1:51108] script 'D:/Project/PHP_YP_DZ/special_characters.php' not found or unable to stat, referer: http://ypdz.loc/regexp.php
[Thu Feb 08 22:17:39.887233 2024] [php:warn] [pid 5732:tid 1892] [client ::1:51177] PHP Warning:  Undefined variable $link1_text in D:\\Project\\PHP_YP_DZ\\header2.php on line 11, referer: http://ypdz.loc/regexp.php
[Thu Feb 08 22:17:39.887233 2024] [php:warn] [pid 5732:tid 1892] [client ::1:51177] PHP Warning:  Undefined variable $link2_text in D:\\Project\\PHP_YP_DZ\\header2.php on line 12, referer: http://ypdz.loc/regexp.php
[Thu Feb 08 22:17:39.887233 2024] [php:warn] [pid 5732:tid 1892] [client ::1:51177] PHP Warning:  Undefined variable $link3_text in D:\\Project\\PHP_YP_DZ\\header2.php on line 13, referer: http://ypdz.loc/regexp.php
[Thu Feb 08 22:17:39.887233 2024] [php:warn] [pid 5732:tid 1892] [client ::1:51177] PHP Warning:  Undefined variable $link4_text in D:\\Project\\PHP_YP_DZ\\header2.php on line 14, referer: http://ypdz.loc/regexp.php
[Thu Feb 08 22:23:21.185237 2024] [php:warn] [pid 5732:tid 1884] [client ::1:51198] PHP Warning:  Undefined variable $link1_text in D:\\Project\\PHP_YP_DZ\\regexp.php on line 9, referer: http://ypdz.loc/special_characters.php
[Thu Feb 08 22:23:21.185237 2024] [php:warn] [pid 5732:tid 1884] [client ::1:51198] PHP Warning:  Undefined variable $link2_text in D:\\Project\\PHP_YP_DZ\\regexp.php on line 10, referer: http://ypdz.loc/special_characters.php
[Thu Feb 08 22:23:21.185237 2024] [php:warn] [pid 5732:tid 1884] [client ::1:51198] PHP Warning:  Undefined variable $link3_text in D:\\Project\\PHP_YP_DZ\\regexp.php on line 11, referer: http://ypdz.loc/special_characters.php
[Thu Feb 08 22:23:21.185237 2024] [php:warn] [pid 5732:tid 1884] [client ::1:51198] PHP Warning:  Undefined variable $link4_text in D:\\Project\\PHP_YP_DZ\\regexp.php on line 12, referer: http://ypdz.loc/special_characters.php
[Thu Feb 08 22:23:23.624948 2024] [php:warn] [pid 5732:tid 1884] [client ::1:51198] PHP Warning:  Undefined variable $link1_text in D:\\Project\\PHP_YP_DZ\\regexp.php on line 9, referer: http://ypdz.loc/special_characters.php
[Thu Feb 08 22:23:23.624948 2024] [php:warn] [pid 5732:tid 1884] [client ::1:51198] PHP Warning:  Undefined variable $link2_text in D:\\Project\\PHP_YP_DZ\\regexp.php on line 10, referer: http://ypdz.loc/special_characters.php
[Thu Feb 08 22:23:23.624948 2024] [php:warn] [pid 5732:tid 1884] [client ::1:51198] PHP Warning:  Undefined variable $link3_text in D:\\Project\\PHP_YP_DZ\\regexp.php on line 11, referer: http://ypdz.loc/special_characters.php
[Thu Feb 08 22:23:23.624948 2024] [php:warn] [pid 5732:tid 1884] [client ::1:51198] PHP Warning:  Undefined variable $link4_text in D:\\Project\\PHP_YP_DZ\\regexp.php on line 12, referer: http://ypdz.loc/special_characters.php
[Thu Feb 08 22:23:25.085945 2024] [php:warn] [pid 5732:tid 1884] [client ::1:51198] PHP Warning:  Undefined variable $link1_text in D:\\Project\\PHP_YP_DZ\\regexp.php on line 9, referer: http://ypdz.loc/regexp.php
[Thu Feb 08 22:23:25.086946 2024] [php:warn] [pid 5732:tid 1884] [client ::1:51198] PHP Warning:  Undefined variable $link2_text in D:\\Project\\PHP_YP_DZ\\regexp.php on line 10, referer: http://ypdz.loc/regexp.php
[Thu Feb 08 22:23:25.086946 2024] [php:warn] [pid 5732:tid 1884] [client ::1:51198] PHP Warning:  Undefined variable $link3_text in D:\\Project\\PHP_YP_DZ\\regexp.php on line 11, referer: http://ypdz.loc/regexp.php
[Thu Feb 08 22:23:25.086946 2024] [php:warn] [pid 5732:tid 1884] [client ::1:51198] PHP Warning:  Undefined variable $link4_text in D:\\Project\\PHP_YP_DZ\\regexp.php on line 12, referer: http://ypdz.loc/regexp.php
[Thu Feb 08 22:23:26.952008 2024] [php:warn] [pid 5732:tid 1884] [client ::1:51198] PHP Warning:  Undefined variable $link1_text in D:\\Project\\PHP_YP_DZ\\regexp.php on line 9, referer: http://ypdz.loc/
[Thu Feb 08 22:23:26.952008 2024] [php:warn] [pid 5732:tid 1884] [client ::1:51198] PHP Warning:  Undefined variable $link2_text in D:\\Project\\PHP_YP_DZ\\regexp.php on line 10, referer: http://ypdz.loc/
[Thu Feb 08 22:23:26.952008 2024] [php:warn] [pid 5732:tid 1884] [client ::1:51198] PHP Warning:  Undefined variable $link3_text in D:\\Project\\PHP_YP_DZ\\regexp.php on line 11, referer: http://ypdz.loc/
[Thu Feb 08 22:23:26.952008 2024] [php:warn] [pid 5732:tid 1884] [client ::1:51198] PHP Warning:  Undefined variable $link4_text in D:\\Project\\PHP_YP_DZ\\regexp.php on line 12, referer: http://ypdz.loc/
[Thu Feb 08 22:26:12.276170 2024] [php:warn] [pid 5732:tid 1892] [client ::1:51225] PHP Warning:  Undefined variable $link2_text in D:\\Project\\PHP_YP_DZ\\header2.php on line 12, referer: http://ypdz.loc/regexp.php
[Thu Feb 08 22:26:12.276170 2024] [php:warn] [pid 5732:tid 1892] [client ::1:51225] PHP Warning:  Undefined variable $link3_text in D:\\Project\\PHP_YP_DZ\\header2.php on line 13, referer: http://ypdz.loc/regexp.php
[Thu Feb 08 22:26:12.276170 2024] [php:warn] [pid 5732:tid 1892] [client ::1:51225] PHP Warning:  Undefined variable $link4_text in D:\\Project\\PHP_YP_DZ\\header2.php on line 14, referer: http://ypdz.loc/regexp.php
[Thu Feb 08 23:44:09.036070 2024] [php:warn] [pid 5732:tid 1892] [client ::1:51756] PHP Warning:  Undefined variable $link1_text in D:\\Project\\PHP_YP_DZ\\header2.php on line 11, referer: http://ypdz.loc/regexp.php
[Thu Feb 08 23:44:09.036070 2024] [php:warn] [pid 5732:tid 1892] [client ::1:51756] PHP Warning:  Undefined variable $link2_text in D:\\Project\\PHP_YP_DZ\\header2.php on line 12, referer: http://ypdz.loc/regexp.php
[Thu Feb 08 23:44:09.036070 2024] [php:warn] [pid 5732:tid 1892] [client ::1:51756] PHP Warning:  Undefined variable $link3_text in D:\\Project\\PHP_YP_DZ\\header2.php on line 13, referer: http://ypdz.loc/regexp.php
[Thu Feb 08 23:44:09.036070 2024] [php:warn] [pid 5732:tid 1892] [client ::1:51756] PHP Warning:  Undefined variable $link4_text in D:\\Project\\PHP_YP_DZ\\header2.php on line 14, referer: http://ypdz.loc/regexp.php
[Thu Feb 08 23:44:18.229922 2024] [php:warn] [pid 5732:tid 1884] [client ::1:51757] PHP Warning:  Undefined variable $link1_text in D:\\Project\\PHP_YP_DZ\\header2.php on line 11, referer: http://ypdz.loc/regexp.php
[Thu Feb 08 23:44:18.230771 2024] [php:warn] [pid 5732:tid 1884] [client ::1:51757] PHP Warning:  Undefined variable $link2_text in D:\\Project\\PHP_YP_DZ\\header2.php on line 12, referer: http://ypdz.loc/regexp.php
[Thu Feb 08 23:44:18.230771 2024] [php:warn] [pid 5732:tid 1884] [client ::1:51757] PHP Warning:  Undefined variable $link3_text in D:\\Project\\PHP_YP_DZ\\header2.php on line 13, referer: http://ypdz.loc/regexp.php
[Thu Feb 08 23:44:18.230771 2024] [php:warn] [pid 5732:tid 1884] [client ::1:51757] PHP Warning:  Undefined variable $link4_text in D:\\Project\\PHP_YP_DZ\\header2.php on line 14, referer: http://ypdz.loc/regexp.php
[Thu Feb 08 23:44:21.597908 2024] [php:warn] [pid 5732:tid 1884] [client ::1:51757] PHP Warning:  Undefined variable $link1_text in D:\\Project\\PHP_YP_DZ\\header2.php on line 11, referer: http://ypdz.loc/regexp.php
[Thu Feb 08 23:44:21.598909 2024] [php:warn] [pid 5732:tid 1884] [client ::1:51757] PHP Warning:  Undefined variable $link2_text in D:\\Project\\PHP_YP_DZ\\header2.php on line 12, referer: http://ypdz.loc/regexp.php
[Thu Feb 08 23:44:21.598909 2024] [php:warn] [pid 5732:tid 1884] [client ::1:51757] PHP Warning:  Undefined variable $link3_text in D:\\Project\\PHP_YP_DZ\\header2.php on line 13, referer: http://ypdz.loc/regexp.php
[Thu Feb 08 23:44:21.598909 2024] [php:warn] [pid 5732:tid 1884] [client ::1:51757] PHP Warning:  Undefined variable $link4_text in D:\\Project\\PHP_YP_DZ\\header2.php on line 14, referer: http://ypdz.loc/regexp.php
[Thu Feb 08 23:44:28.734253 2024] [php:warn] [pid 5732:tid 1884] [client ::1:51757] PHP Warning:  Undefined variable $link1_text in D:\\Project\\PHP_YP_DZ\\header2.php on line 11, referer: http://ypdz.loc/quantifiers.php
[Thu Feb 08 23:44:28.734253 2024] [php:warn] [pid 5732:tid 1884] [client ::1:51757] PHP Warning:  Undefined variable $link2_text in D:\\Project\\PHP_YP_DZ\\header2.php on line 12, referer: http://ypdz.loc/quantifiers.php
[Thu Feb 08 23:44:28.734253 2024] [php:warn] [pid 5732:tid 1884] [client ::1:51757] PHP Warning:  Undefined variable $link3_text in D:\\Project\\PHP_YP_DZ\\header2.php on line 13, referer: http://ypdz.loc/quantifiers.php
[Thu Feb 08 23:44:28.734253 2024] [php:warn] [pid 5732:tid 1884] [client ::1:51757] PHP Warning:  Undefined variable $link4_text in D:\\Project\\PHP_YP_DZ\\header2.php on line 14, referer: http://ypdz.loc/quantifiers.php
[Thu Feb 08 23:45:15.592280 2024] [php:warn] [pid 5732:tid 1892] [client ::1:51758] PHP Warning:  Undefined variable $link1_text in D:\\Project\\PHP_YP_DZ\\header2.php on line 11, referer: http://ypdz.loc/regexp.php
[Thu Feb 08 23:45:15.596576 2024] [php:warn] [pid 5732:tid 1892] [client ::1:51758] PHP Warning:  Undefined variable $link2_text in D:\\Project\\PHP_YP_DZ\\header2.php on line 12, referer: http://ypdz.loc/regexp.php
[Thu Feb 08 23:45:15.596653 2024] [php:warn] [pid 5732:tid 1892] [client ::1:51758] PHP Warning:  Undefined variable $link3_text in D:\\Project\\PHP_YP_DZ\\header2.php on line 13, referer: http://ypdz.loc/regexp.php
[Thu Feb 08 23:45:15.596653 2024] [php:warn] [pid 5732:tid 1892] [client ::1:51758] PHP Warning:  Undefined variable $link4_text in D:\\Project\\PHP_YP_DZ\\header2.php on line 14, referer: http://ypdz.loc/regexp.php
[Thu Feb 08 23:45:17.565268 2024] [php:warn] [pid 5732:tid 1892] [client ::1:51758] PHP Warning:  Undefined variable $link1_text in D:\\Project\\PHP_YP_DZ\\header2.php on line 11, referer: http://ypdz.loc/special_characters.php
[Thu Feb 08 23:45:17.565268 2024] [php:warn] [pid 5732:tid 1892] [client ::1:51758] PHP Warning:  Undefined variable $link2_text in D:\\Project\\PHP_YP_DZ\\header2.php on line 12, referer: http://ypdz.loc/special_characters.php
[Thu Feb 08 23:45:17.565268 2024] [php:warn] [pid 5732:tid 1892] [client ::1:51758] PHP Warning:  Undefined variable $link3_text in D:\\Project\\PHP_YP_DZ\\header2.php on line 13, referer: http://ypdz.loc/special_characters.php
[Thu Feb 08 23:45:17.565268 2024] [php:warn] [pid 5732:tid 1892] [client ::1:51758] PHP Warning:  Undefined variable $link4_text in D:\\Project\\PHP_YP_DZ\\header2.php on line 14, referer: http://ypdz.loc/special_characters.php
[Thu Feb 08 23:45:22.405345 2024] [php:warn] [pid 5732:tid 1892] [client ::1:51758] PHP Warning:  Undefined variable $link1_text in D:\\Project\\PHP_YP_DZ\\header2.php on line 11, referer: http://ypdz.loc/groupies.php
[Thu Feb 08 23:45:22.405345 2024] [php:warn] [pid 5732:tid 1892] [client ::1:51758] PHP Warning:  Undefined variable $link2_text in D:\\Project\\PHP_YP_DZ\\header2.php on line 12, referer: http://ypdz.loc/groupies.php
[Thu Feb 08 23:45:22.406347 2024] [php:warn] [pid 5732:tid 1892] [client ::1:51758] PHP Warning:  Undefined variable $link3_text in D:\\Project\\PHP_YP_DZ\\header2.php on line 13, referer: http://ypdz.loc/groupies.php
[Thu Feb 08 23:45:22.406347 2024] [php:warn] [pid 5732:tid 1892] [client ::1:51758] PHP Warning:  Undefined variable $link4_text in D:\\Project\\PHP_YP_DZ\\header2.php on line 14, referer: http://ypdz.loc/groupies.php
[Thu Feb 08 23:45:23.957713 2024] [php:warn] [pid 5732:tid 1892] [client ::1:51758] PHP Warning:  Undefined variable $link1_text in D:\\Project\\PHP_YP_DZ\\header2.php on line 11, referer: http://ypdz.loc/special_characters.php
[Thu Feb 08 23:45:23.957713 2024] [php:warn] [pid 5732:tid 1892] [client ::1:51758] PHP Warning:  Undefined variable $link2_text in D:\\Project\\PHP_YP_DZ\\header2.php on line 12, referer: http://ypdz.loc/special_characters.php
[Thu Feb 08 23:45:23.958718 2024] [php:warn] [pid 5732:tid 1892] [client ::1:51758] PHP Warning:  Undefined variable $link3_text in D:\\Project\\PHP_YP_DZ\\header2.php on line 13, referer: http://ypdz.loc/special_characters.php
[Thu Feb 08 23:45:23.958718 2024] [php:warn] [pid 5732:tid 1892] [client ::1:51758] PHP Warning:  Undefined variable $link4_text in D:\\Project\\PHP_YP_DZ\\header2.php on line 14, referer: http://ypdz.loc/special_characters.php
[Thu Feb 08 23:50:17.792545 2024] [php:warn] [pid 5732:tid 1892] [client ::1:51783] PHP Warning:  Undefined variable $link1_text in D:\\Project\\PHP_YP_DZ\\header2.php on line 11, referer: http://ypdz.loc/regexp.php
[Thu Feb 08 23:50:17.792545 2024] [php:warn] [pid 5732:tid 1892] [client ::1:51783] PHP Warning:  Undefined variable $link2_text in D:\\Project\\PHP_YP_DZ\\header2.php on line 12, referer: http://ypdz.loc/regexp.php
[Thu Feb 08 23:50:17.792545 2024] [php:warn] [pid 5732:tid 1892] [client ::1:51783] PHP Warning:  Undefined variable $link3_text in D:\\Project\\PHP_YP_DZ\\header2.php on line 13, referer: http://ypdz.loc/regexp.php
[Thu Feb 08 23:50:17.792545 2024] [php:warn] [pid 5732:tid 1892] [client ::1:51783] PHP Warning:  Undefined variable $link4_text in D:\\Project\\PHP_YP_DZ\\header2.php on line 14, referer: http://ypdz.loc/regexp.php
[Thu Feb 08 23:50:19.360598 2024] [php:warn] [pid 5732:tid 1892] [client ::1:51783] PHP Warning:  Undefined variable $link1_text in D:\\Project\\PHP_YP_DZ\\header2.php on line 11, referer: http://ypdz.loc/special_characters.php
[Thu Feb 08 23:50:19.360598 2024] [php:warn] [pid 5732:tid 1892] [client ::1:51783] PHP Warning:  Undefined variable $link2_text in D:\\Project\\PHP_YP_DZ\\header2.php on line 12, referer: http://ypdz.loc/special_characters.php
[Thu Feb 08 23:50:19.360598 2024] [php:warn] [pid 5732:tid 1892] [client ::1:51783] PHP Warning:  Undefined variable $link3_text in D:\\Project\\PHP_YP_DZ\\header2.php on line 13, referer: http://ypdz.loc/special_characters.php
[Thu Feb 08 23:50:19.360598 2024] [php:warn] [pid 5732:tid 1892] [client ::1:51783] PHP Warning:  Undefined variable $link4_text in D:\\Project\\PHP_YP_DZ\\header2.php on line 14, referer: http://ypdz.loc/special_characters.php
[Thu Feb 08 23:51:06.802816 2024] [php:warn] [pid 5732:tid 1884] [client ::1:51784] PHP Warning:  Undefined variable $link1_text in D:\\Project\\PHP_YP_DZ\\header2.php on line 11, referer: http://ypdz.loc/groupies.php
[Thu Feb 08 23:51:06.802816 2024] [php:warn] [pid 5732:tid 1884] [client ::1:51784] PHP Warning:  Undefined variable $link2_text in D:\\Project\\PHP_YP_DZ\\header2.php on line 12, referer: http://ypdz.loc/groupies.php
[Thu Feb 08 23:51:06.802816 2024] [php:warn] [pid 5732:tid 1884] [client ::1:51784] PHP Warning:  Undefined variable $link3_text in D:\\Project\\PHP_YP_DZ\\header2.php on line 13, referer: http://ypdz.loc/groupies.php
[Thu Feb 08 23:51:06.803817 2024] [php:warn] [pid 5732:tid 1884] [client ::1:51784] PHP Warning:  Undefined variable $link4_text in D:\\Project\\PHP_YP_DZ\\header2.php on line 14, referer: http://ypdz.loc/groupies.php
[Thu Feb 08 23:51:07.849888 2024] [php:warn] [pid 5732:tid 1884] [client ::1:51784] PHP Warning:  Undefined variable $link1_text in D:\\Project\\PHP_YP_DZ\\header2.php on line 11, referer: http://ypdz.loc/groupies.php
[Thu Feb 08 23:51:07.849888 2024] [php:warn] [pid 5732:tid 1884] [client ::1:51784] PHP Warning:  Undefined variable $link2_text in D:\\Project\\PHP_YP_DZ\\header2.php on line 12, referer: http://ypdz.loc/groupies.php
[Thu Feb 08 23:51:07.849888 2024] [php:warn] [pid 5732:tid 1884] [client ::1:51784] PHP Warning:  Undefined variable $link3_text in D:\\Project\\PHP_YP_DZ\\header2.php on line 13, referer: http://ypdz.loc/groupies.php
[Thu Feb 08 23:51:07.849888 2024] [php:warn] [pid 5732:tid 1884] [client ::1:51784] PHP Warning:  Undefined variable $link4_text in D:\\Project\\PHP_YP_DZ\\header2.php on line 14, referer: http://ypdz.loc/groupies.php
[Thu Feb 08 23:51:45.458848 2024] [php:warn] [pid 5732:tid 1892] [client ::1:51789] PHP Warning:  Undefined variable $link1_text in D:\\Project\\PHP_YP_DZ\\header2.php on line 11, referer: http://ypdz.loc/quantifiers.php
[Thu Feb 08 23:51:45.458848 2024] [php:warn] [pid 5732:tid 1892] [client ::1:51789] PHP Warning:  Undefined variable $link2_text in D:\\Project\\PHP_YP_DZ\\header2.php on line 12, referer: http://ypdz.loc/quantifiers.php
[Thu Feb 08 23:51:45.458848 2024] [php:warn] [pid 5732:tid 1892] [client ::1:51789] PHP Warning:  Undefined variable $link3_text in D:\\Project\\PHP_YP_DZ\\header2.php on line 13, referer: http://ypdz.loc/quantifiers.php
[Thu Feb 08 23:51:45.458848 2024] [php:warn] [pid 5732:tid 1892] [client ::1:51789] PHP Warning:  Undefined variable $link4_text in D:\\Project\\PHP_YP_DZ\\header2.php on line 14, referer: http://ypdz.loc/quantifiers.php
[Thu Feb 08 23:51:47.291113 2024] [php:warn] [pid 5732:tid 1892] [client ::1:51789] PHP Warning:  Undefined variable $link1_text in D:\\Project\\PHP_YP_DZ\\header2.php on line 11, referer: http://ypdz.loc/anchors.php
[Thu Feb 08 23:51:47.291113 2024] [php:warn] [pid 5732:tid 1892] [client ::1:51789] PHP Warning:  Undefined variable $link2_text in D:\\Project\\PHP_YP_DZ\\header2.php on line 12, referer: http://ypdz.loc/anchors.php
[Thu Feb 08 23:51:47.291113 2024] [php:warn] [pid 5732:tid 1892] [client ::1:51789] PHP Warning:  Undefined variable $link3_text in D:\\Project\\PHP_YP_DZ\\header2.php on line 13, referer: http://ypdz.loc/anchors.php
[Thu Feb 08 23:51:47.291113 2024] [php:warn] [pid 5732:tid 1892] [client ::1:51789] PHP Warning:  Undefined variable $link4_text in D:\\Project\\PHP_YP_DZ\\header2.php on line 14, referer: http://ypdz.loc/anchors.php
[Thu Feb 08 23:51:48.395110 2024] [php:warn] [pid 5732:tid 1892] [client ::1:51789] PHP Warning:  Undefined variable $link1_text in D:\\Project\\PHP_YP_DZ\\header2.php on line 11, referer: http://ypdz.loc/quantifiers.php
[Thu Feb 08 23:51:48.395110 2024] [php:warn] [pid 5732:tid 1892] [client ::1:51789] PHP Warning:  Undefined variable $link2_text in D:\\Project\\PHP_YP_DZ\\header2.php on line 12, referer: http://ypdz.loc/quantifiers.php
[Thu Feb 08 23:51:48.395110 2024] [php:warn] [pid 5732:tid 1892] [client ::1:51789] PHP Warning:  Undefined variable $link3_text in D:\\Project\\PHP_YP_DZ\\header2.php on line 13, referer: http://ypdz.loc/quantifiers.php
[Thu Feb 08 23:51:48.395110 2024] [php:warn] [pid 5732:tid 1892] [client ::1:51789] PHP Warning:  Undefined variable $link4_text in D:\\Project\\PHP_YP_DZ\\header2.php on line 14, referer: http://ypdz.loc/quantifiers.php
[Thu Feb 08 23:51:50.771218 2024] [php:warn] [pid 5732:tid 1892] [client ::1:51789] PHP Warning:  Undefined variable $link1_text in D:\\Project\\PHP_YP_DZ\\header2.php on line 11, referer: http://ypdz.loc/groupies.php
[Thu Feb 08 23:51:50.771218 2024] [php:warn] [pid 5732:tid 1892] [client ::1:51789] PHP Warning:  Undefined variable $link2_text in D:\\Project\\PHP_YP_DZ\\header2.php on line 12, referer: http://ypdz.loc/groupies.php
[Thu Feb 08 23:51:50.771218 2024] [php:warn] [pid 5732:tid 1892] [client ::1:51789] PHP Warning:  Undefined variable $link3_text in D:\\Project\\PHP_YP_DZ\\header2.php on line 13, referer: http://ypdz.loc/groupies.php
[Thu Feb 08 23:51:50.771218 2024] [php:warn] [pid 5732:tid 1892] [client ::1:51789] PHP Warning:  Undefined variable $link4_text in D:\\Project\\PHP_YP_DZ\\header2.php on line 14, referer: http://ypdz.loc/groupies.php
[Thu Feb 08 23:51:52.111363 2024] [php:warn] [pid 5732:tid 1892] [client ::1:51789] PHP Warning:  Undefined variable $link1_text in D:\\Project\\PHP_YP_DZ\\header2.php on line 11, referer: http://ypdz.loc/special_characters.php
[Thu Feb 08 23:51:52.111363 2024] [php:warn] [pid 5732:tid 1892] [client ::1:51789] PHP Warning:  Undefined variable $link2_text in D:\\Project\\PHP_YP_DZ\\header2.php on line 12, referer: http://ypdz.loc/special_characters.php
[Thu Feb 08 23:51:52.111363 2024] [php:warn] [pid 5732:tid 1892] [client ::1:51789] PHP Warning:  Undefined variable $link3_text in D:\\Project\\PHP_YP_DZ\\header2.php on line 13, referer: http://ypdz.loc/special_characters.php
[Thu Feb 08 23:51:52.111363 2024] [php:warn] [pid 5732:tid 1892] [client ::1:51789] PHP Warning:  Undefined variable $link4_text in D:\\Project\\PHP_YP_DZ\\header2.php on line 14, referer: http://ypdz.loc/special_characters.php
[Thu Feb 08 23:51:54.961859 2024] [php:warn] [pid 5732:tid 1892] [client ::1:51789] PHP Warning:  Undefined variable $link1_text in D:\\Project\\PHP_YP_DZ\\header2.php on line 11, referer: http://ypdz.loc/groupies.php
[Thu Feb 08 23:51:54.961859 2024] [php:warn] [pid 5732:tid 1892] [client ::1:51789] PHP Warning:  Undefined variable $link2_text in D:\\Project\\PHP_YP_DZ\\header2.php on line 12, referer: http://ypdz.loc/groupies.php
[Thu Feb 08 23:51:54.961859 2024] [php:warn] [pid 5732:tid 1892] [client ::1:51789] PHP Warning:  Undefined variable $link3_text in D:\\Project\\PHP_YP_DZ\\header2.php on line 13, referer: http://ypdz.loc/groupies.php
[Thu Feb 08 23:51:54.961859 2024] [php:warn] [pid 5732:tid 1892] [client ::1:51789] PHP Warning:  Undefined variable $link4_text in D:\\Project\\PHP_YP_DZ\\header2.php on line 14, referer: http://ypdz.loc/groupies.php
[Thu Feb 08 23:52:51.258324 2024] [php:warn] [pid 5732:tid 1884] [client ::1:51793] PHP Warning:  Undefined variable $link1_text in D:\\Project\\PHP_YP_DZ\\header2.php on line 11, referer: http://ypdz.loc/special_characters.php
[Thu Feb 08 23:52:51.258324 2024] [php:warn] [pid 5732:tid 1884] [client ::1:51793] PHP Warning:  Undefined variable $link2_text in D:\\Project\\PHP_YP_DZ\\header2.php on line 12, referer: http://ypdz.loc/special_characters.php
[Thu Feb 08 23:52:51.258324 2024] [php:warn] [pid 5732:tid 1884] [client ::1:51793] PHP Warning:  Undefined variable $link3_text in D:\\Project\\PHP_YP_DZ\\header2.php on line 13, referer: http://ypdz.loc/special_characters.php
[Thu Feb 08 23:52:51.258324 2024] [php:warn] [pid 5732:tid 1884] [client ::1:51793] PHP Warning:  Undefined variable $link4_text in D:\\Project\\PHP_YP_DZ\\header2.php on line 14, referer: http://ypdz.loc/special_characters.php
[Thu Feb 08 23:53:18.525443 2024] [php:warn] [pid 5732:tid 1892] [client ::1:51794] PHP Warning:  Undefined variable $link1_text in D:\\Project\\PHP_YP_DZ\\header2.php on line 11, referer: http://ypdz.loc/quantifiers.php
[Thu Feb 08 23:53:18.525443 2024] [php:warn] [pid 5732:tid 1892] [client ::1:51794] PHP Warning:  Undefined variable $link2_text in D:\\Project\\PHP_YP_DZ\\header2.php on line 12, referer: http://ypdz.loc/quantifiers.php
[Thu Feb 08 23:53:18.525443 2024] [php:warn] [pid 5732:tid 1892] [client ::1:51794] PHP Warning:  Undefined variable $link3_text in D:\\Project\\PHP_YP_DZ\\header2.php on line 13, referer: http://ypdz.loc/quantifiers.php
[Thu Feb 08 23:53:18.525443 2024] [php:warn] [pid 5732:tid 1892] [client ::1:51794] PHP Warning:  Undefined variable $link4_text in D:\\Project\\PHP_YP_DZ\\header2.php on line 14, referer: http://ypdz.loc/quantifiers.php
[Thu Feb 08 23:53:19.686552 2024] [php:warn] [pid 5732:tid 1892] [client ::1:51794] PHP Warning:  Undefined variable $link1_text in D:\\Project\\PHP_YP_DZ\\header2.php on line 11, referer: http://ypdz.loc/anchors.php
[Thu Feb 08 23:53:19.686552 2024] [php:warn] [pid 5732:tid 1892] [client ::1:51794] PHP Warning:  Undefined variable $link2_text in D:\\Project\\PHP_YP_DZ\\header2.php on line 12, referer: http://ypdz.loc/anchors.php
[Thu Feb 08 23:53:19.686552 2024] [php:warn] [pid 5732:tid 1892] [client ::1:51794] PHP Warning:  Undefined variable $link3_text in D:\\Project\\PHP_YP_DZ\\header2.php on line 13, referer: http://ypdz.loc/anchors.php
[Thu Feb 08 23:53:19.686552 2024] [php:warn] [pid 5732:tid 1892] [client ::1:51794] PHP Warning:  Undefined variable $link4_text in D:\\Project\\PHP_YP_DZ\\header2.php on line 14, referer: http://ypdz.loc/anchors.php
[Thu Feb 08 23:53:20.934322 2024] [php:warn] [pid 5732:tid 1892] [client ::1:51794] PHP Warning:  Undefined variable $link1_text in D:\\Project\\PHP_YP_DZ\\header2.php on line 11, referer: http://ypdz.loc/quantifiers.php
[Thu Feb 08 23:53:20.934322 2024] [php:warn] [pid 5732:tid 1892] [client ::1:51794] PHP Warning:  Undefined variable $link2_text in D:\\Project\\PHP_YP_DZ\\header2.php on line 12, referer: http://ypdz.loc/quantifiers.php
[Thu Feb 08 23:53:20.934322 2024] [php:warn] [pid 5732:tid 1892] [client ::1:51794] PHP Warning:  Undefined variable $link3_text in D:\\Project\\PHP_YP_DZ\\header2.php on line 13, referer: http://ypdz.loc/quantifiers.php
[Thu Feb 08 23:53:20.934322 2024] [php:warn] [pid 5732:tid 1892] [client ::1:51794] PHP Warning:  Undefined variable $link4_text in D:\\Project\\PHP_YP_DZ\\header2.php on line 14, referer: http://ypdz.loc/quantifiers.php
[Thu Feb 08 23:53:21.928979 2024] [php:warn] [pid 5732:tid 1892] [client ::1:51794] PHP Warning:  Undefined variable $link1_text in D:\\Project\\PHP_YP_DZ\\header2.php on line 11, referer: http://ypdz.loc/groupies.php
[Thu Feb 08 23:53:21.928979 2024] [php:warn] [pid 5732:tid 1892] [client ::1:51794] PHP Warning:  Undefined variable $link2_text in D:\\Project\\PHP_YP_DZ\\header2.php on line 12, referer: http://ypdz.loc/groupies.php
[Thu Feb 08 23:53:21.928979 2024] [php:warn] [pid 5732:tid 1892] [client ::1:51794] PHP Warning:  Undefined variable $link3_text in D:\\Project\\PHP_YP_DZ\\header2.php on line 13, referer: http://ypdz.loc/groupies.php
[Thu Feb 08 23:53:21.928979 2024] [php:warn] [pid 5732:tid 1892] [client ::1:51794] PHP Warning:  Undefined variable $link4_text in D:\\Project\\PHP_YP_DZ\\header2.php on line 14, referer: http://ypdz.loc/groupies.php
[Thu Feb 08 23:53:25.926246 2024] [php:warn] [pid 5732:tid 1892] [client ::1:51794] PHP Warning:  Undefined variable $link1_text in D:\\Project\\PHP_YP_DZ\\header2.php on line 11, referer: http://ypdz.loc/special_characters.php
[Thu Feb 08 23:53:25.926246 2024] [php:warn] [pid 5732:tid 1892] [client ::1:51794] PHP Warning:  Undefined variable $link2_text in D:\\Project\\PHP_YP_DZ\\header2.php on line 12, referer: http://ypdz.loc/special_characters.php
[Thu Feb 08 23:53:25.926246 2024] [php:warn] [pid 5732:tid 1892] [client ::1:51794] PHP Warning:  Undefined variable $link3_text in D:\\Project\\PHP_YP_DZ\\header2.php on line 13, referer: http://ypdz.loc/special_characters.php
[Thu Feb 08 23:53:25.926246 2024] [php:warn] [pid 5732:tid 1892] [client ::1:51794] PHP Warning:  Undefined variable $link4_text in D:\\Project\\PHP_YP_DZ\\header2.php on line 14, referer: http://ypdz.loc/special_characters.php
[Thu Feb 08 23:53:28.246749 2024] [php:warn] [pid 5732:tid 1892] [client ::1:51794] PHP Warning:  Undefined variable $link1_text in D:\\Project\\PHP_YP_DZ\\header2.php on line 11, referer: http://ypdz.loc/groupies.php
[Thu Feb 08 23:53:28.246749 2024] [php:warn] [pid 5732:tid 1892] [client ::1:51794] PHP Warning:  Undefined variable $link2_text in D:\\Project\\PHP_YP_DZ\\header2.php on line 12, referer: http://ypdz.loc/groupies.php
[Thu Feb 08 23:53:28.246749 2024] [php:warn] [pid 5732:tid 1892] [client ::1:51794] PHP Warning:  Undefined variable $link3_text in D:\\Project\\PHP_YP_DZ\\header2.php on line 13, referer: http://ypdz.loc/groupies.php
[Thu Feb 08 23:53:28.246749 2024] [php:warn] [pid 5732:tid 1892] [client ::1:51794] PHP Warning:  Undefined variable $link4_text in D:\\Project\\PHP_YP_DZ\\header2.php on line 14, referer: http://ypdz.loc/groupies.php
[Thu Feb 08 23:53:31.234767 2024] [php:warn] [pid 5732:tid 1892] [client ::1:51794] PHP Warning:  Undefined variable $link1_text in D:\\Project\\PHP_YP_DZ\\header2.php on line 11, referer: http://ypdz.loc/quantifiers.php
[Thu Feb 08 23:53:31.234767 2024] [php:warn] [pid 5732:tid 1892] [client ::1:51794] PHP Warning:  Undefined variable $link2_text in D:\\Project\\PHP_YP_DZ\\header2.php on line 12, referer: http://ypdz.loc/quantifiers.php
[Thu Feb 08 23:53:31.234767 2024] [php:warn] [pid 5732:tid 1892] [client ::1:51794] PHP Warning:  Undefined variable $link3_text in D:\\Project\\PHP_YP_DZ\\header2.php on line 13, referer: http://ypdz.loc/quantifiers.php
[Thu Feb 08 23:53:31.234767 2024] [php:warn] [pid 5732:tid 1892] [client ::1:51794] PHP Warning:  Undefined variable $link4_text in D:\\Project\\PHP_YP_DZ\\header2.php on line 14, referer: http://ypdz.loc/quantifiers.php
[Thu Feb 08 23:53:52.161495 2024] [php:warn] [pid 5732:tid 1892] [client ::1:51798] PHP Warning:  Undefined variable $link1_text in D:\\Project\\PHP_YP_DZ\\header2.php on line 11, referer: http://ypdz.loc/regexp.php
[Thu Feb 08 23:53:52.161495 2024] [php:warn] [pid 5732:tid 1892] [client ::1:51798] PHP Warning:  Undefined variable $link2_text in D:\\Project\\PHP_YP_DZ\\header2.php on line 12, referer: http://ypdz.loc/regexp.php
[Thu Feb 08 23:53:52.161495 2024] [php:warn] [pid 5732:tid 1892] [client ::1:51798] PHP Warning:  Undefined variable $link3_text in D:\\Project\\PHP_YP_DZ\\header2.php on line 13, referer: http://ypdz.loc/regexp.php
[Thu Feb 08 23:53:52.161495 2024] [php:warn] [pid 5732:tid 1892] [client ::1:51798] PHP Warning:  Undefined variable $link4_text in D:\\Project\\PHP_YP_DZ\\header2.php on line 14, referer: http://ypdz.loc/regexp.php
[Thu Feb 08 23:53:53.538522 2024] [php:warn] [pid 5732:tid 1892] [client ::1:51798] PHP Warning:  Undefined variable $link1_text in D:\\Project\\PHP_YP_DZ\\header2.php on line 11, referer: http://ypdz.loc/special_characters.php
[Thu Feb 08 23:53:53.538522 2024] [php:warn] [pid 5732:tid 1892] [client ::1:51798] PHP Warning:  Undefined variable $link2_text in D:\\Project\\PHP_YP_DZ\\header2.php on line 12, referer: http://ypdz.loc/special_characters.php
[Thu Feb 08 23:53:53.538522 2024] [php:warn] [pid 5732:tid 1892] [client ::1:51798] PHP Warning:  Undefined variable $link3_text in D:\\Project\\PHP_YP_DZ\\header2.php on line 13, referer: http://ypdz.loc/special_characters.php
[Thu Feb 08 23:53:53.538522 2024] [php:warn] [pid 5732:tid 1892] [client ::1:51798] PHP Warning:  Undefined variable $link4_text in D:\\Project\\PHP_YP_DZ\\header2.php on line 14, referer: http://ypdz.loc/special_characters.php
[Thu Feb 08 23:53:54.473896 2024] [php:warn] [pid 5732:tid 1892] [client ::1:51798] PHP Warning:  Undefined variable $link1_text in D:\\Project\\PHP_YP_DZ\\header2.php on line 11, referer: http://ypdz.loc/groupies.php
[Thu Feb 08 23:53:54.473896 2024] [php:warn] [pid 5732:tid 1892] [client ::1:51798] PHP Warning:  Undefined variable $link2_text in D:\\Project\\PHP_YP_DZ\\header2.php on line 12, referer: http://ypdz.loc/groupies.php
[Thu Feb 08 23:53:54.473896 2024] [php:warn] [pid 5732:tid 1892] [client ::1:51798] PHP Warning:  Undefined variable $link3_text in D:\\Project\\PHP_YP_DZ\\header2.php on line 13, referer: http://ypdz.loc/groupies.php
[Thu Feb 08 23:53:54.473896 2024] [php:warn] [pid 5732:tid 1892] [client ::1:51798] PHP Warning:  Undefined variable $link4_text in D:\\Project\\PHP_YP_DZ\\header2.php on line 14, referer: http://ypdz.loc/groupies.php
[Thu Feb 08 23:53:55.345057 2024] [php:warn] [pid 5732:tid 1892] [client ::1:51798] PHP Warning:  Undefined variable $link1_text in D:\\Project\\PHP_YP_DZ\\header2.php on line 11, referer: http://ypdz.loc/quantifiers.php
[Thu Feb 08 23:53:55.345057 2024] [php:warn] [pid 5732:tid 1892] [client ::1:51798] PHP Warning:  Undefined variable $link2_text in D:\\Project\\PHP_YP_DZ\\header2.php on line 12, referer: http://ypdz.loc/quantifiers.php
[Thu Feb 08 23:53:55.345057 2024] [php:warn] [pid 5732:tid 1892] [client ::1:51798] PHP Warning:  Undefined variable $link3_text in D:\\Project\\PHP_YP_DZ\\header2.php on line 13, referer: http://ypdz.loc/quantifiers.php
[Thu Feb 08 23:53:55.345057 2024] [php:warn] [pid 5732:tid 1892] [client ::1:51798] PHP Warning:  Undefined variable $link4_text in D:\\Project\\PHP_YP_DZ\\header2.php on line 14, referer: http://ypdz.loc/quantifiers.php
[Thu Feb 08 23:55:44.578513 2024] [php:warn] [pid 5732:tid 1892] [client ::1:51820] PHP Warning:  Undefined variable $link1_text in D:\\Project\\PHP_YP_DZ\\regexp.php on line 15, referer: http://ypdz.loc/regexp.php
[Thu Feb 08 23:55:44.578513 2024] [php:warn] [pid 5732:tid 1892] [client ::1:51820] PHP Warning:  Undefined variable $link2_text in D:\\Project\\PHP_YP_DZ\\regexp.php on line 16, referer: http://ypdz.loc/regexp.php
[Thu Feb 08 23:55:44.578513 2024] [php:warn] [pid 5732:tid 1892] [client ::1:51820] PHP Warning:  Undefined variable $link3_text in D:\\Project\\PHP_YP_DZ\\regexp.php on line 17, referer: http://ypdz.loc/regexp.php
[Thu Feb 08 23:55:44.578513 2024] [php:warn] [pid 5732:tid 1892] [client ::1:51820] PHP Warning:  Undefined variable $link4_text in D:\\Project\\PHP_YP_DZ\\regexp.php on line 18, referer: http://ypdz.loc/regexp.php
[Thu Feb 08 23:56:15.419287 2024] [php:warn] [pid 5732:tid 1884] [client ::1:51823] PHP Warning:  Undefined variable $link1_text in D:\\Project\\PHP_YP_DZ\\header2.php on line 11, referer: http://ypdz.loc/regexp.php
[Thu Feb 08 23:56:15.419287 2024] [php:warn] [pid 5732:tid 1884] [client ::1:51823] PHP Warning:  Undefined variable $link2_text in D:\\Project\\PHP_YP_DZ\\header2.php on line 12, referer: http://ypdz.loc/regexp.php
[Thu Feb 08 23:56:15.419287 2024] [php:warn] [pid 5732:tid 1884] [client ::1:51823] PHP Warning:  Undefined variable $link3_text in D:\\Project\\PHP_YP_DZ\\header2.php on line 13, referer: http://ypdz.loc/regexp.php
[Thu Feb 08 23:56:15.419287 2024] [php:warn] [pid 5732:tid 1884] [client ::1:51823] PHP Warning:  Undefined variable $link4_text in D:\\Project\\PHP_YP_DZ\\header2.php on line 14, referer: http://ypdz.loc/regexp.php
[Thu Feb 08 23:56:15.419287 2024] [php:warn] [pid 5732:tid 1884] [client ::1:51823] PHP Warning:  Undefined variable $link1_text in D:\\Project\\PHP_YP_DZ\\regexp.php on line 16, referer: http://ypdz.loc/regexp.php
[Thu Feb 08 23:56:15.419287 2024] [php:warn] [pid 5732:tid 1884] [client ::1:51823] PHP Warning:  Undefined variable $link2_text in D:\\Project\\PHP_YP_DZ\\regexp.php on line 17, referer: http://ypdz.loc/regexp.php
[Thu Feb 08 23:56:15.419287 2024] [php:warn] [pid 5732:tid 1884] [client ::1:51823] PHP Warning:  Undefined variable $link3_text in D:\\Project\\PHP_YP_DZ\\regexp.php on line 18, referer: http://ypdz.loc/regexp.php
[Thu Feb 08 23:56:15.419287 2024] [php:warn] [pid 5732:tid 1884] [client ::1:51823] PHP Warning:  Undefined variable $link4_text in D:\\Project\\PHP_YP_DZ\\regexp.php on line 19, referer: http://ypdz.loc/regexp.php
[Thu Feb 08 23:56:21.430667 2024] [php:warn] [pid 5732:tid 1892] [client ::1:51825] PHP Warning:  Undefined variable $link1_text in D:\\Project\\PHP_YP_DZ\\header2.php on line 11, referer: http://ypdz.loc/regexp.php
[Thu Feb 08 23:56:21.430667 2024] [php:warn] [pid 5732:tid 1892] [client ::1:51825] PHP Warning:  Undefined variable $link2_text in D:\\Project\\PHP_YP_DZ\\header2.php on line 12, referer: http://ypdz.loc/regexp.php
[Thu Feb 08 23:56:21.430667 2024] [php:warn] [pid 5732:tid 1892] [client ::1:51825] PHP Warning:  Undefined variable $link3_text in D:\\Project\\PHP_YP_DZ\\header2.php on line 13, referer: http://ypdz.loc/regexp.php
[Thu Feb 08 23:56:21.430667 2024] [php:warn] [pid 5732:tid 1892] [client ::1:51825] PHP Warning:  Undefined variable $link4_text in D:\\Project\\PHP_YP_DZ\\header2.php on line 14, referer: http://ypdz.loc/regexp.php
[Thu Feb 08 23:56:21.430667 2024] [php:warn] [pid 5732:tid 1892] [client ::1:51825] PHP Warning:  Undefined variable $link1_text in D:\\Project\\PHP_YP_DZ\\regexp.php on line 16, referer: http://ypdz.loc/regexp.php
[Thu Feb 08 23:56:21.430667 2024] [php:warn] [pid 5732:tid 1892] [client ::1:51825] PHP Warning:  Undefined variable $link2_text in D:\\Project\\PHP_YP_DZ\\regexp.php on line 17, referer: http://ypdz.loc/regexp.php
[Thu Feb 08 23:56:21.430667 2024] [php:warn] [pid 5732:tid 1892] [client ::1:51825] PHP Warning:  Undefined variable $link3_text in D:\\Project\\PHP_YP_DZ\\regexp.php on line 18, referer: http://ypdz.loc/regexp.php
[Thu Feb 08 23:56:21.430667 2024] [php:warn] [pid 5732:tid 1892] [client ::1:51825] PHP Warning:  Undefined variable $link4_text in D:\\Project\\PHP_YP_DZ\\regexp.php on line 19, referer: http://ypdz.loc/regexp.php
[Thu Feb 08 23:56:22.835905 2024] [php:warn] [pid 5732:tid 1892] [client ::1:51825] PHP Warning:  Undefined variable $link1_text in D:\\Project\\PHP_YP_DZ\\header2.php on line 11, referer: http://ypdz.loc/
[Thu Feb 08 23:56:22.835905 2024] [php:warn] [pid 5732:tid 1892] [client ::1:51825] PHP Warning:  Undefined variable $link2_text in D:\\Project\\PHP_YP_DZ\\header2.php on line 12, referer: http://ypdz.loc/
[Thu Feb 08 23:56:22.835905 2024] [php:warn] [pid 5732:tid 1892] [client ::1:51825] PHP Warning:  Undefined variable $link3_text in D:\\Project\\PHP_YP_DZ\\header2.php on line 13, referer: http://ypdz.loc/
[Thu Feb 08 23:56:22.835905 2024] [php:warn] [pid 5732:tid 1892] [client ::1:51825] PHP Warning:  Undefined variable $link4_text in D:\\Project\\PHP_YP_DZ\\header2.php on line 14, referer: http://ypdz.loc/
[Thu Feb 08 23:56:22.835905 2024] [php:warn] [pid 5732:tid 1892] [client ::1:51825] PHP Warning:  Undefined variable $link1_text in D:\\Project\\PHP_YP_DZ\\regexp.php on line 16, referer: http://ypdz.loc/
[Thu Feb 08 23:56:22.835905 2024] [php:warn] [pid 5732:tid 1892] [client ::1:51825] PHP Warning:  Undefined variable $link2_text in D:\\Project\\PHP_YP_DZ\\regexp.php on line 17, referer: http://ypdz.loc/
[Thu Feb 08 23:56:22.835905 2024] [php:warn] [pid 5732:tid 1892] [client ::1:51825] PHP Warning:  Undefined variable $link3_text in D:\\Project\\PHP_YP_DZ\\regexp.php on line 18, referer: http://ypdz.loc/
[Thu Feb 08 23:56:22.851531 2024] [php:warn] [pid 5732:tid 1892] [client ::1:51825] PHP Warning:  Undefined variable $link4_text in D:\\Project\\PHP_YP_DZ\\regexp.php on line 19, referer: http://ypdz.loc/
[Thu Feb 08 23:57:25.846458 2024] [php:warn] [pid 5732:tid 1884] [client ::1:51827] PHP Warning:  Undefined variable $link1_text in D:\\Project\\PHP_YP_DZ\\header2.php on line 11, referer: http://ypdz.loc/
[Thu Feb 08 23:57:25.846458 2024] [php:warn] [pid 5732:tid 1884] [client ::1:51827] PHP Warning:  Undefined variable $link2_text in D:\\Project\\PHP_YP_DZ\\header2.php on line 12, referer: http://ypdz.loc/
[Thu Feb 08 23:57:25.846458 2024] [php:warn] [pid 5732:tid 1884] [client ::1:51827] PHP Warning:  Undefined variable $link3_text in D:\\Project\\PHP_YP_DZ\\header2.php on line 13, referer: http://ypdz.loc/
[Thu Feb 08 23:57:25.846458 2024] [php:warn] [pid 5732:tid 1884] [client ::1:51827] PHP Warning:  Undefined variable $link4_text in D:\\Project\\PHP_YP_DZ\\header2.php on line 14, referer: http://ypdz.loc/
[Thu Feb 08 23:57:25.846458 2024] [php:warn] [pid 5732:tid 1884] [client ::1:51827] PHP Warning:  Undefined variable $link1_text in D:\\Project\\PHP_YP_DZ\\regexp.php on line 16, referer: http://ypdz.loc/
[Thu Feb 08 23:57:25.846458 2024] [php:warn] [pid 5732:tid 1884] [client ::1:51827] PHP Warning:  Undefined variable $link2_text in D:\\Project\\PHP_YP_DZ\\regexp.php on line 17, referer: http://ypdz.loc/
[Thu Feb 08 23:57:25.846458 2024] [php:warn] [pid 5732:tid 1884] [client ::1:51827] PHP Warning:  Undefined variable $link3_text in D:\\Project\\PHP_YP_DZ\\regexp.php on line 18, referer: http://ypdz.loc/
[Thu Feb 08 23:57:25.846458 2024] [php:warn] [pid 5732:tid 1884] [client ::1:51827] PHP Warning:  Undefined variable $link4_text in D:\\Project\\PHP_YP_DZ\\regexp.php on line 19, referer: http://ypdz.loc/
[Thu Feb 08 23:57:27.854211 2024] [php:warn] [pid 5732:tid 1884] [client ::1:51827] PHP Warning:  Undefined variable $link1_text in D:\\Project\\PHP_YP_DZ\\header2.php on line 11, referer: http://ypdz.loc/regexp.php
[Thu Feb 08 23:57:27.854211 2024] [php:warn] [pid 5732:tid 1884] [client ::1:51827] PHP Warning:  Undefined variable $link2_text in D:\\Project\\PHP_YP_DZ\\header2.php on line 12, referer: http://ypdz.loc/regexp.php
[Thu Feb 08 23:57:27.854211 2024] [php:warn] [pid 5732:tid 1884] [client ::1:51827] PHP Warning:  Undefined variable $link3_text in D:\\Project\\PHP_YP_DZ\\header2.php on line 13, referer: http://ypdz.loc/regexp.php
[Thu Feb 08 23:57:27.854211 2024] [php:warn] [pid 5732:tid 1884] [client ::1:51827] PHP Warning:  Undefined variable $link4_text in D:\\Project\\PHP_YP_DZ\\header2.php on line 14, referer: http://ypdz.loc/regexp.php
[Thu Feb 08 23:57:27.854211 2024] [php:warn] [pid 5732:tid 1884] [client ::1:51827] PHP Warning:  Undefined variable $link1_text in D:\\Project\\PHP_YP_DZ\\special_characters.php on line 16, referer: http://ypdz.loc/regexp.php
[Thu Feb 08 23:57:27.854211 2024] [php:warn] [pid 5732:tid 1884] [client ::1:51827] PHP Warning:  Undefined variable $link2_text in D:\\Project\\PHP_YP_DZ\\special_characters.php on line 17, referer: http://ypdz.loc/regexp.php
[Thu Feb 08 23:57:27.854211 2024] [php:warn] [pid 5732:tid 1884] [client ::1:51827] PHP Warning:  Undefined variable $link3_text in D:\\Project\\PHP_YP_DZ\\special_characters.php on line 18, referer: http://ypdz.loc/regexp.php
[Thu Feb 08 23:57:27.854211 2024] [php:warn] [pid 5732:tid 1884] [client ::1:51827] PHP Warning:  Undefined variable $link4_text in D:\\Project\\PHP_YP_DZ\\special_characters.php on line 19, referer: http://ypdz.loc/regexp.php
[Thu Feb 08 23:57:30.236028 2024] [php:warn] [pid 5732:tid 1884] [client ::1:51827] PHP Warning:  Undefined variable $link1_text in D:\\Project\\PHP_YP_DZ\\header2.php on line 11, referer: http://ypdz.loc/special_characters.php
[Thu Feb 08 23:57:30.236084 2024] [php:warn] [pid 5732:tid 1884] [client ::1:51827] PHP Warning:  Undefined variable $link2_text in D:\\Project\\PHP_YP_DZ\\header2.php on line 12, referer: http://ypdz.loc/special_characters.php
[Thu Feb 08 23:57:30.236084 2024] [php:warn] [pid 5732:tid 1884] [client ::1:51827] PHP Warning:  Undefined variable $link3_text in D:\\Project\\PHP_YP_DZ\\header2.php on line 13, referer: http://ypdz.loc/special_characters.php
[Thu Feb 08 23:57:30.236084 2024] [php:warn] [pid 5732:tid 1884] [client ::1:51827] PHP Warning:  Undefined variable $link4_text in D:\\Project\\PHP_YP_DZ\\header2.php on line 14, referer: http://ypdz.loc/special_characters.php
[Thu Feb 08 23:57:30.236084 2024] [php:warn] [pid 5732:tid 1884] [client ::1:51827] PHP Warning:  Undefined variable $link1_text in D:\\Project\\PHP_YP_DZ\\groupies.php on line 16, referer: http://ypdz.loc/special_characters.php
[Thu Feb 08 23:57:30.236561 2024] [php:warn] [pid 5732:tid 1884] [client ::1:51827] PHP Warning:  Undefined variable $link2_text in D:\\Project\\PHP_YP_DZ\\groupies.php on line 17, referer: http://ypdz.loc/special_characters.php
[Thu Feb 08 23:57:30.236576 2024] [php:warn] [pid 5732:tid 1884] [client ::1:51827] PHP Warning:  Undefined variable $link3_text in D:\\Project\\PHP_YP_DZ\\groupies.php on line 18, referer: http://ypdz.loc/special_characters.php
[Thu Feb 08 23:57:30.236576 2024] [php:warn] [pid 5732:tid 1884] [client ::1:51827] PHP Warning:  Undefined variable $link4_text in D:\\Project\\PHP_YP_DZ\\groupies.php on line 19, referer: http://ypdz.loc/special_characters.php
[Thu Feb 08 23:57:31.715206 2024] [php:warn] [pid 5732:tid 1884] [client ::1:51827] PHP Warning:  Undefined variable $link1_text in D:\\Project\\PHP_YP_DZ\\header2.php on line 11, referer: http://ypdz.loc/groupies.php
[Thu Feb 08 23:57:31.715206 2024] [php:warn] [pid 5732:tid 1884] [client ::1:51827] PHP Warning:  Undefined variable $link2_text in D:\\Project\\PHP_YP_DZ\\header2.php on line 12, referer: http://ypdz.loc/groupies.php
[Thu Feb 08 23:57:31.715206 2024] [php:warn] [pid 5732:tid 1884] [client ::1:51827] PHP Warning:  Undefined variable $link3_text in D:\\Project\\PHP_YP_DZ\\header2.php on line 13, referer: http://ypdz.loc/groupies.php
[Thu Feb 08 23:57:31.715206 2024] [php:warn] [pid 5732:tid 1884] [client ::1:51827] PHP Warning:  Undefined variable $link4_text in D:\\Project\\PHP_YP_DZ\\header2.php on line 14, referer: http://ypdz.loc/groupies.php
[Thu Feb 08 23:57:31.715206 2024] [php:warn] [pid 5732:tid 1884] [client ::1:51827] PHP Warning:  Undefined variable $link1_text in D:\\Project\\PHP_YP_DZ\\quantifiers.php on line 16, referer: http://ypdz.loc/groupies.php
[Thu Feb 08 23:57:31.715206 2024] [php:warn] [pid 5732:tid 1884] [client ::1:51827] PHP Warning:  Undefined variable $link2_text in D:\\Project\\PHP_YP_DZ\\quantifiers.php on line 17, referer: http://ypdz.loc/groupies.php
[Thu Feb 08 23:57:31.715206 2024] [php:warn] [pid 5732:tid 1884] [client ::1:51827] PHP Warning:  Undefined variable $link3_text in D:\\Project\\PHP_YP_DZ\\quantifiers.php on line 18, referer: http://ypdz.loc/groupies.php
[Thu Feb 08 23:57:31.715206 2024] [php:warn] [pid 5732:tid 1884] [client ::1:51827] PHP Warning:  Undefined variable $link4_text in D:\\Project\\PHP_YP_DZ\\quantifiers.php on line 19, referer: http://ypdz.loc/groupies.php
[Thu Feb 08 23:57:32.987553 2024] [php:warn] [pid 5732:tid 1884] [client ::1:51827] PHP Warning:  Undefined variable $link1_text in D:\\Project\\PHP_YP_DZ\\header2.php on line 11, referer: http://ypdz.loc/quantifiers.php
[Thu Feb 08 23:57:32.988562 2024] [php:warn] [pid 5732:tid 1884] [client ::1:51827] PHP Warning:  Undefined variable $link2_text in D:\\Project\\PHP_YP_DZ\\header2.php on line 12, referer: http://ypdz.loc/quantifiers.php
[Thu Feb 08 23:57:32.988562 2024] [php:warn] [pid 5732:tid 1884] [client ::1:51827] PHP Warning:  Undefined variable $link3_text in D:\\Project\\PHP_YP_DZ\\header2.php on line 13, referer: http://ypdz.loc/quantifiers.php
[Thu Feb 08 23:57:32.988562 2024] [php:warn] [pid 5732:tid 1884] [client ::1:51827] PHP Warning:  Undefined variable $link4_text in D:\\Project\\PHP_YP_DZ\\header2.php on line 14, referer: http://ypdz.loc/quantifiers.php
[Thu Feb 08 23:57:32.988562 2024] [php:warn] [pid 5732:tid 1884] [client ::1:51827] PHP Warning:  Undefined variable $link1_text in D:\\Project\\PHP_YP_DZ\\anchors.php on line 16, referer: http://ypdz.loc/quantifiers.php
[Thu Feb 08 23:57:32.988562 2024] [php:warn] [pid 5732:tid 1884] [client ::1:51827] PHP Warning:  Undefined variable $link2_text in D:\\Project\\PHP_YP_DZ\\anchors.php on line 17, referer: http://ypdz.loc/quantifiers.php
[Thu Feb 08 23:57:32.988562 2024] [php:warn] [pid 5732:tid 1884] [client ::1:51827] PHP Warning:  Undefined variable $link3_text in D:\\Project\\PHP_YP_DZ\\anchors.php on line 18, referer: http://ypdz.loc/quantifiers.php
[Thu Feb 08 23:57:32.988562 2024] [php:warn] [pid 5732:tid 1884] [client ::1:51827] PHP Warning:  Undefined variable $link4_text in D:\\Project\\PHP_YP_DZ\\anchors.php on line 19, referer: http://ypdz.loc/quantifiers.php
[Thu Feb 08 23:59:15.920996 2024] [php:warn] [pid 5732:tid 1892] [client ::1:51832] PHP Warning:  Undefined variable $link1_text in D:\\Project\\PHP_YP_DZ\\header2.php on line 11, referer: http://ypdz.loc/quantifiers.php
[Thu Feb 08 23:59:15.920996 2024] [php:warn] [pid 5732:tid 1892] [client ::1:51832] PHP Warning:  Undefined variable $link2_text in D:\\Project\\PHP_YP_DZ\\header2.php on line 12, referer: http://ypdz.loc/quantifiers.php
[Thu Feb 08 23:59:15.920996 2024] [php:warn] [pid 5732:tid 1892] [client ::1:51832] PHP Warning:  Undefined variable $link3_text in D:\\Project\\PHP_YP_DZ\\header2.php on line 13, referer: http://ypdz.loc/quantifiers.php
[Thu Feb 08 23:59:15.920996 2024] [php:warn] [pid 5732:tid 1892] [client ::1:51832] PHP Warning:  Undefined variable $link4_text in D:\\Project\\PHP_YP_DZ\\header2.php on line 14, referer: http://ypdz.loc/quantifiers.php
[Thu Feb 08 23:59:20.991391 2024] [php:warn] [pid 5732:tid 1884] [client ::1:51833] PHP Warning:  Undefined variable $link1_text in D:\\Project\\PHP_YP_DZ\\header2.php on line 11, referer: http://ypdz.loc/
[Thu Feb 08 23:59:20.991391 2024] [php:warn] [pid 5732:tid 1884] [client ::1:51833] PHP Warning:  Undefined variable $link2_text in D:\\Project\\PHP_YP_DZ\\header2.php on line 12, referer: http://ypdz.loc/
[Thu Feb 08 23:59:20.991391 2024] [php:warn] [pid 5732:tid 1884] [client ::1:51833] PHP Warning:  Undefined variable $link3_text in D:\\Project\\PHP_YP_DZ\\header2.php on line 13, referer: http://ypdz.loc/
[Thu Feb 08 23:59:20.992391 2024] [php:warn] [pid 5732:tid 1884] [client ::1:51833] PHP Warning:  Undefined variable $link4_text in D:\\Project\\PHP_YP_DZ\\header2.php on line 14, referer: http://ypdz.loc/
[Fri Feb 09 00:02:50.577256 2024] [php:warn] [pid 5732:tid 1884] [client ::1:51846] PHP Warning:  Undefined variable $link1_text in D:\\Project\\PHP_YP_DZ\\header2.php on line 11, referer: http://ypdz.loc/
[Fri Feb 09 00:02:50.577256 2024] [php:warn] [pid 5732:tid 1884] [client ::1:51846] PHP Warning:  Undefined variable $link2_text in D:\\Project\\PHP_YP_DZ\\header2.php on line 12, referer: http://ypdz.loc/
[Fri Feb 09 00:02:50.577256 2024] [php:warn] [pid 5732:tid 1884] [client ::1:51846] PHP Warning:  Undefined variable $link3_text in D:\\Project\\PHP_YP_DZ\\header2.php on line 13, referer: http://ypdz.loc/
[Fri Feb 09 00:02:50.578257 2024] [php:warn] [pid 5732:tid 1884] [client ::1:51846] PHP Warning:  Undefined variable $link4_text in D:\\Project\\PHP_YP_DZ\\header2.php on line 14, referer: http://ypdz.loc/
[Fri Feb 09 00:02:50.578257 2024] [php:warn] [pid 5732:tid 1884] [client ::1:51846] PHP Warning:  Undefined variable $link1_text in D:\\Project\\PHP_YP_DZ\\regexp.php on line 16, referer: http://ypdz.loc/
[Fri Feb 09 00:02:50.578257 2024] [php:warn] [pid 5732:tid 1884] [client ::1:51846] PHP Warning:  Undefined variable $link2_text in D:\\Project\\PHP_YP_DZ\\regexp.php on line 17, referer: http://ypdz.loc/
[Fri Feb 09 00:02:50.578257 2024] [php:warn] [pid 5732:tid 1884] [client ::1:51846] PHP Warning:  Undefined variable $link3_text in D:\\Project\\PHP_YP_DZ\\regexp.php on line 18, referer: http://ypdz.loc/
[Fri Feb 09 00:02:50.578257 2024] [php:warn] [pid 5732:tid 1884] [client ::1:51846] PHP Warning:  Undefined variable $link4_text in D:\\Project\\PHP_YP_DZ\\regexp.php on line 19, referer: http://ypdz.loc/
[Fri Feb 09 00:04:43.115336 2024] [php:warn] [pid 5732:tid 1892] [client ::1:51850] PHP Warning:  Undefined variable $link1_text in D:\\Project\\PHP_YP_DZ\\header2.php on line 11, referer: http://ypdz.loc/
[Fri Feb 09 00:04:43.115336 2024] [php:warn] [pid 5732:tid 1892] [client ::1:51850] PHP Warning:  Undefined variable $link2_text in D:\\Project\\PHP_YP_DZ\\header2.php on line 12, referer: http://ypdz.loc/
[Fri Feb 09 00:04:43.115336 2024] [php:warn] [pid 5732:tid 1892] [client ::1:51850] PHP Warning:  Undefined variable $link3_text in D:\\Project\\PHP_YP_DZ\\header2.php on line 13, referer: http://ypdz.loc/
[Fri Feb 09 00:04:43.115336 2024] [php:warn] [pid 5732:tid 1892] [client ::1:51850] PHP Warning:  Undefined variable $link4_text in D:\\Project\\PHP_YP_DZ\\header2.php on line 14, referer: http://ypdz.loc/
[Fri Feb 09 00:04:48.135142 2024] [php:warn] [pid 5732:tid 1884] [client ::1:51851] PHP Warning:  Undefined variable $link1_text in D:\\Project\\PHP_YP_DZ\\header2.php on line 11, referer: http://ypdz.loc/regexp.php
[Fri Feb 09 00:04:48.135142 2024] [php:warn] [pid 5732:tid 1884] [client ::1:51851] PHP Warning:  Undefined variable $link2_text in D:\\Project\\PHP_YP_DZ\\header2.php on line 12, referer: http://ypdz.loc/regexp.php
[Fri Feb 09 00:04:48.135142 2024] [php:warn] [pid 5732:tid 1884] [client ::1:51851] PHP Warning:  Undefined variable $link3_text in D:\\Project\\PHP_YP_DZ\\header2.php on line 13, referer: http://ypdz.loc/regexp.php
[Fri Feb 09 00:04:48.135142 2024] [php:warn] [pid 5732:tid 1884] [client ::1:51851] PHP Warning:  Undefined variable $link4_text in D:\\Project\\PHP_YP_DZ\\header2.php on line 14, referer: http://ypdz.loc/regexp.php
[Fri Feb 09 00:04:52.275443 2024] [php:warn] [pid 5732:tid 1884] [client ::1:51851] PHP Warning:  Undefined variable $link1_text in D:\\Project\\PHP_YP_DZ\\header2.php on line 11, referer: http://ypdz.loc/special_characters.php
[Fri Feb 09 00:04:52.275443 2024] [php:warn] [pid 5732:tid 1884] [client ::1:51851] PHP Warning:  Undefined variable $link2_text in D:\\Project\\PHP_YP_DZ\\header2.php on line 12, referer: http://ypdz.loc/special_characters.php
[Fri Feb 09 00:04:52.275443 2024] [php:warn] [pid 5732:tid 1884] [client ::1:51851] PHP Warning:  Undefined variable $link3_text in D:\\Project\\PHP_YP_DZ\\header2.php on line 13, referer: http://ypdz.loc/special_characters.php
[Fri Feb 09 00:04:52.275443 2024] [php:warn] [pid 5732:tid 1884] [client ::1:51851] PHP Warning:  Undefined variable $link4_text in D:\\Project\\PHP_YP_DZ\\header2.php on line 14, referer: http://ypdz.loc/special_characters.php
[Fri Feb 09 00:04:53.561116 2024] [php:warn] [pid 5732:tid 1884] [client ::1:51851] PHP Warning:  Undefined variable $link1_text in D:\\Project\\PHP_YP_DZ\\header2.php on line 11, referer: http://ypdz.loc/regexp.php
[Fri Feb 09 00:04:53.561116 2024] [php:warn] [pid 5732:tid 1884] [client ::1:51851] PHP Warning:  Undefined variable $link2_text in D:\\Project\\PHP_YP_DZ\\header2.php on line 12, referer: http://ypdz.loc/regexp.php
[Fri Feb 09 00:04:53.561116 2024] [php:warn] [pid 5732:tid 1884] [client ::1:51851] PHP Warning:  Undefined variable $link3_text in D:\\Project\\PHP_YP_DZ\\header2.php on line 13, referer: http://ypdz.loc/regexp.php
[Fri Feb 09 00:04:53.561116 2024] [php:warn] [pid 5732:tid 1884] [client ::1:51851] PHP Warning:  Undefined variable $link4_text in D:\\Project\\PHP_YP_DZ\\header2.php on line 14, referer: http://ypdz.loc/regexp.php
[Fri Feb 09 00:04:53.561116 2024] [php:warn] [pid 5732:tid 1884] [client ::1:51851] PHP Warning:  Undefined variable $link1_text in D:\\Project\\PHP_YP_DZ\\groupies.php on line 16, referer: http://ypdz.loc/regexp.php
[Fri Feb 09 00:04:53.561116 2024] [php:warn] [pid 5732:tid 1884] [client ::1:51851] PHP Warning:  Undefined variable $link2_text in D:\\Project\\PHP_YP_DZ\\groupies.php on line 17, referer: http://ypdz.loc/regexp.php
[Fri Feb 09 00:04:53.561116 2024] [php:warn] [pid 5732:tid 1884] [client ::1:51851] PHP Warning:  Undefined variable $link3_text in D:\\Project\\PHP_YP_DZ\\groupies.php on line 18, referer: http://ypdz.loc/regexp.php
[Fri Feb 09 00:04:53.561116 2024] [php:warn] [pid 5732:tid 1884] [client ::1:51851] PHP Warning:  Undefined variable $link4_text in D:\\Project\\PHP_YP_DZ\\groupies.php on line 19, referer: http://ypdz.loc/regexp.php
[Fri Feb 09 00:04:55.587611 2024] [php:warn] [pid 5732:tid 1884] [client ::1:51851] PHP Warning:  Undefined variable $link1_text in D:\\Project\\PHP_YP_DZ\\header2.php on line 11, referer: http://ypdz.loc/groupies.php
[Fri Feb 09 00:04:55.587611 2024] [php:warn] [pid 5732:tid 1884] [client ::1:51851] PHP Warning:  Undefined variable $link2_text in D:\\Project\\PHP_YP_DZ\\header2.php on line 12, referer: http://ypdz.loc/groupies.php
[Fri Feb 09 00:04:55.587611 2024] [php:warn] [pid 5732:tid 1884] [client ::1:51851] PHP Warning:  Undefined variable $link3_text in D:\\Project\\PHP_YP_DZ\\header2.php on line 13, referer: http://ypdz.loc/groupies.php
[Fri Feb 09 00:04:55.587611 2024] [php:warn] [pid 5732:tid 1884] [client ::1:51851] PHP Warning:  Undefined variable $link4_text in D:\\Project\\PHP_YP_DZ\\header2.php on line 14, referer: http://ypdz.loc/groupies.php
[Fri Feb 09 00:04:57.023765 2024] [php:warn] [pid 5732:tid 1884] [client ::1:51851] PHP Warning:  Undefined variable $link1_text in D:\\Project\\PHP_YP_DZ\\header2.php on line 11, referer: http://ypdz.loc/regexp.php
[Fri Feb 09 00:04:57.023765 2024] [php:warn] [pid 5732:tid 1884] [client ::1:51851] PHP Warning:  Undefined variable $link2_text in D:\\Project\\PHP_YP_DZ\\header2.php on line 12, referer: http://ypdz.loc/regexp.php
[Fri Feb 09 00:04:57.024766 2024] [php:warn] [pid 5732:tid 1884] [client ::1:51851] PHP Warning:  Undefined variable $link3_text in D:\\Project\\PHP_YP_DZ\\header2.php on line 13, referer: http://ypdz.loc/regexp.php
[Fri Feb 09 00:04:57.024766 2024] [php:warn] [pid 5732:tid 1884] [client ::1:51851] PHP Warning:  Undefined variable $link4_text in D:\\Project\\PHP_YP_DZ\\header2.php on line 14, referer: http://ypdz.loc/regexp.php
[Fri Feb 09 00:06:43.084178 2024] [php:warn] [pid 5732:tid 1892] [client ::1:51861] PHP Warning:  Undefined variable $link1_text in D:\\Project\\PHP_YP_DZ\\header2.php on line 11, referer: http://ypdz.loc/special_characters.php
[Fri Feb 09 00:06:43.084178 2024] [php:warn] [pid 5732:tid 1892] [client ::1:51861] PHP Warning:  Undefined variable $link2_text in D:\\Project\\PHP_YP_DZ\\header2.php on line 12, referer: http://ypdz.loc/special_characters.php
[Fri Feb 09 00:06:43.084178 2024] [php:warn] [pid 5732:tid 1892] [client ::1:51861] PHP Warning:  Undefined variable $link3_text in D:\\Project\\PHP_YP_DZ\\header2.php on line 13, referer: http://ypdz.loc/special_characters.php
[Fri Feb 09 00:06:43.084178 2024] [php:warn] [pid 5732:tid 1892] [client ::1:51861] PHP Warning:  Undefined variable $link4_text in D:\\Project\\PHP_YP_DZ\\header2.php on line 14, referer: http://ypdz.loc/special_characters.php
[Fri Feb 09 00:06:44.733772 2024] [php:warn] [pid 5732:tid 1892] [client ::1:51861] PHP Warning:  Undefined variable $link1_text in D:\\Project\\PHP_YP_DZ\\header2.php on line 11, referer: http://ypdz.loc/regexp.php
[Fri Feb 09 00:06:44.733772 2024] [php:warn] [pid 5732:tid 1892] [client ::1:51861] PHP Warning:  Undefined variable $link2_text in D:\\Project\\PHP_YP_DZ\\header2.php on line 12, referer: http://ypdz.loc/regexp.php
[Fri Feb 09 00:06:44.733772 2024] [php:warn] [pid 5732:tid 1892] [client ::1:51861] PHP Warning:  Undefined variable $link3_text in D:\\Project\\PHP_YP_DZ\\header2.php on line 13, referer: http://ypdz.loc/regexp.php
[Fri Feb 09 00:06:44.733772 2024] [php:warn] [pid 5732:tid 1892] [client ::1:51861] PHP Warning:  Undefined variable $link4_text in D:\\Project\\PHP_YP_DZ\\header2.php on line 14, referer: http://ypdz.loc/regexp.php
[Fri Feb 09 00:06:46.605758 2024] [php:warn] [pid 5732:tid 1892] [client ::1:51861] PHP Warning:  Undefined variable $link1_text in D:\\Project\\PHP_YP_DZ\\header2.php on line 11, referer: http://ypdz.loc/special_characters.php
[Fri Feb 09 00:06:46.605758 2024] [php:warn] [pid 5732:tid 1892] [client ::1:51861] PHP Warning:  Undefined variable $link2_text in D:\\Project\\PHP_YP_DZ\\header2.php on line 12, referer: http://ypdz.loc/special_characters.php
[Fri Feb 09 00:06:46.605758 2024] [php:warn] [pid 5732:tid 1892] [client ::1:51861] PHP Warning:  Undefined variable $link3_text in D:\\Project\\PHP_YP_DZ\\header2.php on line 13, referer: http://ypdz.loc/special_characters.php
[Fri Feb 09 00:06:46.605758 2024] [php:warn] [pid 5732:tid 1892] [client ::1:51861] PHP Warning:  Undefined variable $link4_text in D:\\Project\\PHP_YP_DZ\\header2.php on line 14, referer: http://ypdz.loc/special_characters.php
[Fri Feb 09 00:06:48.203159 2024] [php:warn] [pid 5732:tid 1892] [client ::1:51861] PHP Warning:  Undefined variable $link1_text in D:\\Project\\PHP_YP_DZ\\header2.php on line 11, referer: http://ypdz.loc/groupies.php
[Fri Feb 09 00:06:48.203159 2024] [php:warn] [pid 5732:tid 1892] [client ::1:51861] PHP Warning:  Undefined variable $link2_text in D:\\Project\\PHP_YP_DZ\\header2.php on line 12, referer: http://ypdz.loc/groupies.php
[Fri Feb 09 00:06:48.203159 2024] [php:warn] [pid 5732:tid 1892] [client ::1:51861] PHP Warning:  Undefined variable $link3_text in D:\\Project\\PHP_YP_DZ\\header2.php on line 13, referer: http://ypdz.loc/groupies.php
[Fri Feb 09 00:06:48.203159 2024] [php:warn] [pid 5732:tid 1892] [client ::1:51861] PHP Warning:  Undefined variable $link4_text in D:\\Project\\PHP_YP_DZ\\header2.php on line 14, referer: http://ypdz.loc/groupies.php
[Fri Feb 09 00:06:50.045337 2024] [php:warn] [pid 5732:tid 1892] [client ::1:51861] PHP Warning:  Undefined variable $link1_text in D:\\Project\\PHP_YP_DZ\\header2.php on line 11, referer: http://ypdz.loc/special_characters.php
[Fri Feb 09 00:06:50.046347 2024] [php:warn] [pid 5732:tid 1892] [client ::1:51861] PHP Warning:  Undefined variable $link2_text in D:\\Project\\PHP_YP_DZ\\header2.php on line 12, referer: http://ypdz.loc/special_characters.php
[Fri Feb 09 00:06:50.046347 2024] [php:warn] [pid 5732:tid 1892] [client ::1:51861] PHP Warning:  Undefined variable $link3_text in D:\\Project\\PHP_YP_DZ\\header2.php on line 13, referer: http://ypdz.loc/special_characters.php
[Fri Feb 09 00:06:50.046347 2024] [php:warn] [pid 5732:tid 1892] [client ::1:51861] PHP Warning:  Undefined variable $link4_text in D:\\Project\\PHP_YP_DZ\\header2.php on line 14, referer: http://ypdz.loc/special_characters.php
[Fri Feb 09 00:06:51.894251 2024] [php:warn] [pid 5732:tid 1892] [client ::1:51861] PHP Warning:  Undefined variable $link1_text in D:\\Project\\PHP_YP_DZ\\header2.php on line 11, referer: http://ypdz.loc/groupies.php
[Fri Feb 09 00:06:51.894251 2024] [php:warn] [pid 5732:tid 1892] [client ::1:51861] PHP Warning:  Undefined variable $link2_text in D:\\Project\\PHP_YP_DZ\\header2.php on line 12, referer: http://ypdz.loc/groupies.php
[Fri Feb 09 00:06:51.894251 2024] [php:warn] [pid 5732:tid 1892] [client ::1:51861] PHP Warning:  Undefined variable $link3_text in D:\\Project\\PHP_YP_DZ\\header2.php on line 13, referer: http://ypdz.loc/groupies.php
[Fri Feb 09 00:06:51.894251 2024] [php:warn] [pid 5732:tid 1892] [client ::1:51861] PHP Warning:  Undefined variable $link4_text in D:\\Project\\PHP_YP_DZ\\header2.php on line 14, referer: http://ypdz.loc/groupies.php
[Fri Feb 09 00:06:51.894251 2024] [php:warn] [pid 5732:tid 1892] [client ::1:51861] PHP Warning:  Undefined variable $link1_text in D:\\Project\\PHP_YP_DZ\\quantifiers.php on line 16, referer: http://ypdz.loc/groupies.php
[Fri Feb 09 00:06:51.894251 2024] [php:warn] [pid 5732:tid 1892] [client ::1:51861] PHP Warning:  Undefined variable $link2_text in D:\\Project\\PHP_YP_DZ\\quantifiers.php on line 17, referer: http://ypdz.loc/groupies.php
[Fri Feb 09 00:06:51.894251 2024] [php:warn] [pid 5732:tid 1892] [client ::1:51861] PHP Warning:  Undefined variable $link3_text in D:\\Project\\PHP_YP_DZ\\quantifiers.php on line 18, referer: http://ypdz.loc/groupies.php
[Fri Feb 09 00:06:51.894251 2024] [php:warn] [pid 5732:tid 1892] [client ::1:51861] PHP Warning:  Undefined variable $link4_text in D:\\Project\\PHP_YP_DZ\\quantifiers.php on line 19, referer: http://ypdz.loc/groupies.php
[Fri Feb 09 00:07:19.510283 2024] [php:warn] [pid 5732:tid 1884] [client ::1:51862] PHP Warning:  Undefined variable $link1_text in D:\\Project\\PHP_YP_DZ\\header2.php on line 11, referer: http://ypdz.loc/groupies.php
[Fri Feb 09 00:07:19.510283 2024] [php:warn] [pid 5732:tid 1884] [client ::1:51862] PHP Warning:  Undefined variable $link2_text in D:\\Project\\PHP_YP_DZ\\header2.php on line 12, referer: http://ypdz.loc/groupies.php
[Fri Feb 09 00:07:19.510283 2024] [php:warn] [pid 5732:tid 1884] [client ::1:51862] PHP Warning:  Undefined variable $link3_text in D:\\Project\\PHP_YP_DZ\\header2.php on line 13, referer: http://ypdz.loc/groupies.php
[Fri Feb 09 00:07:19.510283 2024] [php:warn] [pid 5732:tid 1884] [client ::1:51862] PHP Warning:  Undefined variable $link4_text in D:\\Project\\PHP_YP_DZ\\header2.php on line 14, referer: http://ypdz.loc/groupies.php
[Fri Feb 09 00:07:22.097135 2024] [php:warn] [pid 5732:tid 1884] [client ::1:51862] PHP Warning:  Undefined variable $link1_text in D:\\Project\\PHP_YP_DZ\\header2.php on line 11, referer: http://ypdz.loc/quantifiers.php
[Fri Feb 09 00:07:22.097135 2024] [php:warn] [pid 5732:tid 1884] [client ::1:51862] PHP Warning:  Undefined variable $link2_text in D:\\Project\\PHP_YP_DZ\\header2.php on line 12, referer: http://ypdz.loc/quantifiers.php
[Fri Feb 09 00:07:22.098136 2024] [php:warn] [pid 5732:tid 1884] [client ::1:51862] PHP Warning:  Undefined variable $link3_text in D:\\Project\\PHP_YP_DZ\\header2.php on line 13, referer: http://ypdz.loc/quantifiers.php
[Fri Feb 09 00:07:22.098136 2024] [php:warn] [pid 5732:tid 1884] [client ::1:51862] PHP Warning:  Undefined variable $link4_text in D:\\Project\\PHP_YP_DZ\\header2.php on line 14, referer: http://ypdz.loc/quantifiers.php
[Fri Feb 09 00:07:23.594311 2024] [php:warn] [pid 5732:tid 1884] [client ::1:51862] PHP Warning:  Undefined variable $link1_text in D:\\Project\\PHP_YP_DZ\\header2.php on line 11, referer: http://ypdz.loc/anchors.php
[Fri Feb 09 00:07:23.594311 2024] [php:warn] [pid 5732:tid 1884] [client ::1:51862] PHP Warning:  Undefined variable $link2_text in D:\\Project\\PHP_YP_DZ\\header2.php on line 12, referer: http://ypdz.loc/anchors.php
[Fri Feb 09 00:07:23.594311 2024] [php:warn] [pid 5732:tid 1884] [client ::1:51862] PHP Warning:  Undefined variable $link3_text in D:\\Project\\PHP_YP_DZ\\header2.php on line 13, referer: http://ypdz.loc/anchors.php
[Fri Feb 09 00:07:23.594311 2024] [php:warn] [pid 5732:tid 1884] [client ::1:51862] PHP Warning:  Undefined variable $link4_text in D:\\Project\\PHP_YP_DZ\\header2.php on line 14, referer: http://ypdz.loc/anchors.php
[Fri Feb 09 00:07:24.488317 2024] [php:warn] [pid 5732:tid 1884] [client ::1:51862] PHP Warning:  Undefined variable $link1_text in D:\\Project\\PHP_YP_DZ\\header2.php on line 11, referer: http://ypdz.loc/special_characters.php
[Fri Feb 09 00:07:24.488317 2024] [php:warn] [pid 5732:tid 1884] [client ::1:51862] PHP Warning:  Undefined variable $link2_text in D:\\Project\\PHP_YP_DZ\\header2.php on line 12, referer: http://ypdz.loc/special_characters.php
[Fri Feb 09 00:07:24.488317 2024] [php:warn] [pid 5732:tid 1884] [client ::1:51862] PHP Warning:  Undefined variable $link3_text in D:\\Project\\PHP_YP_DZ\\header2.php on line 13, referer: http://ypdz.loc/special_characters.php
[Fri Feb 09 00:07:24.488317 2024] [php:warn] [pid 5732:tid 1884] [client ::1:51862] PHP Warning:  Undefined variable $link4_text in D:\\Project\\PHP_YP_DZ\\header2.php on line 14, referer: http://ypdz.loc/special_characters.php
[Fri Feb 09 00:07:25.545406 2024] [php:warn] [pid 5732:tid 1884] [client ::1:51862] PHP Warning:  Undefined variable $link1_text in D:\\Project\\PHP_YP_DZ\\header2.php on line 11, referer: http://ypdz.loc/groupies.php
[Fri Feb 09 00:07:25.545406 2024] [php:warn] [pid 5732:tid 1884] [client ::1:51862] PHP Warning:  Undefined variable $link2_text in D:\\Project\\PHP_YP_DZ\\header2.php on line 12, referer: http://ypdz.loc/groupies.php
[Fri Feb 09 00:07:25.546407 2024] [php:warn] [pid 5732:tid 1884] [client ::1:51862] PHP Warning:  Undefined variable $link3_text in D:\\Project\\PHP_YP_DZ\\header2.php on line 13, referer: http://ypdz.loc/groupies.php
[Fri Feb 09 00:07:25.546407 2024] [php:warn] [pid 5732:tid 1884] [client ::1:51862] PHP Warning:  Undefined variable $link4_text in D:\\Project\\PHP_YP_DZ\\header2.php on line 14, referer: http://ypdz.loc/groupies.php
[Fri Feb 09 00:07:26.513472 2024] [php:warn] [pid 5732:tid 1884] [client ::1:51862] PHP Warning:  Undefined variable $link1_text in D:\\Project\\PHP_YP_DZ\\header2.php on line 11, referer: http://ypdz.loc/quantifiers.php
[Fri Feb 09 00:07:26.513472 2024] [php:warn] [pid 5732:tid 1884] [client ::1:51862] PHP Warning:  Undefined variable $link2_text in D:\\Project\\PHP_YP_DZ\\header2.php on line 12, referer: http://ypdz.loc/quantifiers.php
[Fri Feb 09 00:07:26.513472 2024] [php:warn] [pid 5732:tid 1884] [client ::1:51862] PHP Warning:  Undefined variable $link3_text in D:\\Project\\PHP_YP_DZ\\header2.php on line 13, referer: http://ypdz.loc/quantifiers.php
[Fri Feb 09 00:07:26.513472 2024] [php:warn] [pid 5732:tid 1884] [client ::1:51862] PHP Warning:  Undefined variable $link4_text in D:\\Project\\PHP_YP_DZ\\header2.php on line 14, referer: http://ypdz.loc/quantifiers.php
[Fri Feb 09 00:07:38.494633 2024] [php:warn] [pid 5732:tid 1892] [client ::1:51864] PHP Warning:  Undefined variable $link1_text in D:\\Project\\PHP_YP_DZ\\header2.php on line 11, referer: http://ypdz.loc/
[Fri Feb 09 00:07:38.494633 2024] [php:warn] [pid 5732:tid 1892] [client ::1:51864] PHP Warning:  Undefined variable $link2_text in D:\\Project\\PHP_YP_DZ\\header2.php on line 12, referer: http://ypdz.loc/
[Fri Feb 09 00:07:38.494633 2024] [php:warn] [pid 5732:tid 1892] [client ::1:51864] PHP Warning:  Undefined variable $link3_text in D:\\Project\\PHP_YP_DZ\\header2.php on line 13, referer: http://ypdz.loc/
[Fri Feb 09 00:07:38.494633 2024] [php:warn] [pid 5732:tid 1892] [client ::1:51864] PHP Warning:  Undefined variable $link4_text in D:\\Project\\PHP_YP_DZ\\header2.php on line 14, referer: http://ypdz.loc/
[Fri Feb 09 18:33:11.149983 2024] [php:warn] [pid 7540:tid 1892] [client ::1:50192] PHP Warning:  Undefined variable $link1_text in D:\\Project\\PHP_YP_DZ\\header2.php on line 11, referer: http://ypdz.loc/
[Fri Feb 09 18:33:11.175520 2024] [php:warn] [pid 7540:tid 1892] [client ::1:50192] PHP Warning:  Undefined variable $link2_text in D:\\Project\\PHP_YP_DZ\\header2.php on line 12, referer: http://ypdz.loc/
[Fri Feb 09 18:33:11.175520 2024] [php:warn] [pid 7540:tid 1892] [client ::1:50192] PHP Warning:  Undefined variable $link3_text in D:\\Project\\PHP_YP_DZ\\header2.php on line 13, referer: http://ypdz.loc/
[Fri Feb 09 18:33:11.175520 2024] [php:warn] [pid 7540:tid 1892] [client ::1:50192] PHP Warning:  Undefined variable $link4_text in D:\\Project\\PHP_YP_DZ\\header2.php on line 14, referer: http://ypdz.loc/
[Fri Feb 09 18:33:13.922754 2024] [php:warn] [pid 7540:tid 1884] [client ::1:50193] PHP Warning:  Undefined variable $link1_text in D:\\Project\\PHP_YP_DZ\\header2.php on line 11, referer: http://ypdz.loc/regexp.php
[Fri Feb 09 18:33:13.923756 2024] [php:warn] [pid 7540:tid 1884] [client ::1:50193] PHP Warning:  Undefined variable $link2_text in D:\\Project\\PHP_YP_DZ\\header2.php on line 12, referer: http://ypdz.loc/regexp.php
[Fri Feb 09 18:33:13.923756 2024] [php:warn] [pid 7540:tid 1884] [client ::1:50193] PHP Warning:  Undefined variable $link3_text in D:\\Project\\PHP_YP_DZ\\header2.php on line 13, referer: http://ypdz.loc/regexp.php
[Fri Feb 09 18:33:13.923756 2024] [php:warn] [pid 7540:tid 1884] [client ::1:50193] PHP Warning:  Undefined variable $link4_text in D:\\Project\\PHP_YP_DZ\\header2.php on line 14, referer: http://ypdz.loc/regexp.php
[Fri Feb 09 18:41:51.722858 2024] [php:warn] [pid 7540:tid 1884] [client ::1:50382] PHP Warning:  Undefined variable $link1_text in D:\\Project\\PHP_YP_DZ\\header2.php on line 11, referer: http://ypdz.loc/regexp.php
[Fri Feb 09 18:41:51.723162 2024] [php:warn] [pid 7540:tid 1884] [client ::1:50382] PHP Warning:  Undefined variable $link2_text in D:\\Project\\PHP_YP_DZ\\header2.php on line 12, referer: http://ypdz.loc/regexp.php
[Fri Feb 09 18:41:51.723162 2024] [php:warn] [pid 7540:tid 1884] [client ::1:50382] PHP Warning:  Undefined variable $link3_text in D:\\Project\\PHP_YP_DZ\\header2.php on line 13, referer: http://ypdz.loc/regexp.php
[Fri Feb 09 18:41:51.723162 2024] [php:warn] [pid 7540:tid 1884] [client ::1:50382] PHP Warning:  Undefined variable $link4_text in D:\\Project\\PHP_YP_DZ\\header2.php on line 14, referer: http://ypdz.loc/regexp.php
[Fri Feb 09 18:43:03.691295 2024] [php:warn] [pid 7540:tid 1892] [client ::1:50517] PHP Warning:  Undefined variable $link1_text in D:\\Project\\PHP_YP_DZ\\header2.php on line 11, referer: http://ypdz.loc/regexp.php
[Fri Feb 09 18:43:03.691295 2024] [php:warn] [pid 7540:tid 1892] [client ::1:50517] PHP Warning:  Undefined variable $link2_text in D:\\Project\\PHP_YP_DZ\\header2.php on line 12, referer: http://ypdz.loc/regexp.php
[Fri Feb 09 18:43:03.691295 2024] [php:warn] [pid 7540:tid 1892] [client ::1:50517] PHP Warning:  Undefined variable $link3_text in D:\\Project\\PHP_YP_DZ\\header2.php on line 13, referer: http://ypdz.loc/regexp.php
[Fri Feb 09 18:43:03.691295 2024] [php:warn] [pid 7540:tid 1892] [client ::1:50517] PHP Warning:  Undefined variable $link4_text in D:\\Project\\PHP_YP_DZ\\header2.php on line 14, referer: http://ypdz.loc/regexp.php
[Fri Feb 09 18:43:15.325426 2024] [php:warn] [pid 7540:tid 1884] [client ::1:50518] PHP Warning:  Undefined variable $link1_text in D:\\Project\\PHP_YP_DZ\\header2.php on line 11, referer: http://ypdz.loc/regexp.php
[Fri Feb 09 18:43:15.325426 2024] [php:warn] [pid 7540:tid 1884] [client ::1:50518] PHP Warning:  Undefined variable $link2_text in D:\\Project\\PHP_YP_DZ\\header2.php on line 12, referer: http://ypdz.loc/regexp.php
[Fri Feb 09 18:43:15.326427 2024] [php:warn] [pid 7540:tid 1884] [client ::1:50518] PHP Warning:  Undefined variable $link3_text in D:\\Project\\PHP_YP_DZ\\header2.php on line 13, referer: http://ypdz.loc/regexp.php
[Fri Feb 09 18:43:15.326427 2024] [php:warn] [pid 7540:tid 1884] [client ::1:50518] PHP Warning:  Undefined variable $link4_text in D:\\Project\\PHP_YP_DZ\\header2.php on line 14, referer: http://ypdz.loc/regexp.php
[Fri Feb 09 18:43:52.541757 2024] [php:warn] [pid 7540:tid 1892] [client ::1:50558] PHP Warning:  Undefined variable $link1_text in D:\\Project\\PHP_YP_DZ\\header2.php on line 11, referer: http://ypdz.loc/regexp.php
[Fri Feb 09 18:43:52.541757 2024] [php:warn] [pid 7540:tid 1892] [client ::1:50558] PHP Warning:  Undefined variable $link2_text in D:\\Project\\PHP_YP_DZ\\header2.php on line 12, referer: http://ypdz.loc/regexp.php
[Fri Feb 09 18:43:52.541757 2024] [php:warn] [pid 7540:tid 1892] [client ::1:50558] PHP Warning:  Undefined variable $link3_text in D:\\Project\\PHP_YP_DZ\\header2.php on line 13, referer: http://ypdz.loc/regexp.php
[Fri Feb 09 18:43:52.541757 2024] [php:warn] [pid 7540:tid 1892] [client ::1:50558] PHP Warning:  Undefined variable $link4_text in D:\\Project\\PHP_YP_DZ\\header2.php on line 14, referer: http://ypdz.loc/regexp.php
[Fri Feb 09 18:50:54.995464 2024] [php:warn] [pid 7540:tid 1884] [client ::1:50590] PHP Warning:  Undefined variable $link1_text in D:\\Project\\PHP_YP_DZ\\header2.php on line 11, referer: http://ypdz.loc/regexp.php
[Fri Feb 09 18:50:54.995464 2024] [php:warn] [pid 7540:tid 1884] [client ::1:50590] PHP Warning:  Undefined variable $link2_text in D:\\Project\\PHP_YP_DZ\\header2.php on line 12, referer: http://ypdz.loc/regexp.php
[Fri Feb 09 18:50:54.995464 2024] [php:warn] [pid 7540:tid 1884] [client ::1:50590] PHP Warning:  Undefined variable $link3_text in D:\\Project\\PHP_YP_DZ\\header2.php on line 13, referer: http://ypdz.loc/regexp.php
[Fri Feb 09 18:50:54.995464 2024] [php:warn] [pid 7540:tid 1884] [client ::1:50590] PHP Warning:  Undefined variable $link4_text in D:\\Project\\PHP_YP_DZ\\header2.php on line 14, referer: http://ypdz.loc/regexp.php
[Fri Feb 09 18:51:55.163461 2024] [php:warn] [pid 7540:tid 1892] [client ::1:50593] PHP Warning:  Undefined variable $link1_text in D:\\Project\\PHP_YP_DZ\\header2.php on line 11, referer: http://ypdz.loc/regexp.php
[Fri Feb 09 18:51:55.163461 2024] [php:warn] [pid 7540:tid 1892] [client ::1:50593] PHP Warning:  Undefined variable $link2_text in D:\\Project\\PHP_YP_DZ\\header2.php on line 12, referer: http://ypdz.loc/regexp.php
[Fri Feb 09 18:51:55.163461 2024] [php:warn] [pid 7540:tid 1892] [client ::1:50593] PHP Warning:  Undefined variable $link3_text in D:\\Project\\PHP_YP_DZ\\header2.php on line 13, referer: http://ypdz.loc/regexp.php
[Fri Feb 09 18:51:55.163461 2024] [php:warn] [pid 7540:tid 1892] [client ::1:50593] PHP Warning:  Undefined variable $link4_text in D:\\Project\\PHP_YP_DZ\\header2.php on line 14, referer: http://ypdz.loc/regexp.php
[Fri Feb 09 18:52:10.828805 2024] [php:warn] [pid 7540:tid 1884] [client ::1:50594] PHP Warning:  Undefined variable $link1_text in D:\\Project\\PHP_YP_DZ\\header2.php on line 11, referer: http://ypdz.loc/regexp.php
[Fri Feb 09 18:52:10.828805 2024] [php:warn] [pid 7540:tid 1884] [client ::1:50594] PHP Warning:  Undefined variable $link2_text in D:\\Project\\PHP_YP_DZ\\header2.php on line 12, referer: http://ypdz.loc/regexp.php
[Fri Feb 09 18:52:10.828805 2024] [php:warn] [pid 7540:tid 1884] [client ::1:50594] PHP Warning:  Undefined variable $link3_text in D:\\Project\\PHP_YP_DZ\\header2.php on line 13, referer: http://ypdz.loc/regexp.php
[Fri Feb 09 18:52:10.828805 2024] [php:warn] [pid 7540:tid 1884] [client ::1:50594] PHP Warning:  Undefined variable $link4_text in D:\\Project\\PHP_YP_DZ\\header2.php on line 14, referer: http://ypdz.loc/regexp.php
[Fri Feb 09 18:52:12.862923 2024] [php:warn] [pid 7540:tid 1884] [client ::1:50594] PHP Warning:  Undefined variable $link1_text in D:\\Project\\PHP_YP_DZ\\header2.php on line 11, referer: http://ypdz.loc/regexp.php
[Fri Feb 09 18:52:12.862923 2024] [php:warn] [pid 7540:tid 1884] [client ::1:50594] PHP Warning:  Undefined variable $link2_text in D:\\Project\\PHP_YP_DZ\\header2.php on line 12, referer: http://ypdz.loc/regexp.php
[Fri Feb 09 18:52:12.862923 2024] [php:warn] [pid 7540:tid 1884] [client ::1:50594] PHP Warning:  Undefined variable $link3_text in D:\\Project\\PHP_YP_DZ\\header2.php on line 13, referer: http://ypdz.loc/regexp.php
[Fri Feb 09 18:52:12.862923 2024] [php:warn] [pid 7540:tid 1884] [client ::1:50594] PHP Warning:  Undefined variable $link4_text in D:\\Project\\PHP_YP_DZ\\header2.php on line 14, referer: http://ypdz.loc/regexp.php
[Fri Feb 09 19:06:16.498239 2024] [php:warn] [pid 7540:tid 1892] [client ::1:50670] PHP Warning:  Undefined variable $link1_text in D:\\Project\\PHP_YP_DZ\\header2.php on line 11, referer: http://ypdz.loc/special_characters.php
[Fri Feb 09 19:06:16.498239 2024] [php:warn] [pid 7540:tid 1892] [client ::1:50670] PHP Warning:  Undefined variable $link2_text in D:\\Project\\PHP_YP_DZ\\header2.php on line 12, referer: http://ypdz.loc/special_characters.php
[Fri Feb 09 19:06:16.498239 2024] [php:warn] [pid 7540:tid 1892] [client ::1:50670] PHP Warning:  Undefined variable $link3_text in D:\\Project\\PHP_YP_DZ\\header2.php on line 13, referer: http://ypdz.loc/special_characters.php
[Fri Feb 09 19:06:16.498239 2024] [php:warn] [pid 7540:tid 1892] [client ::1:50670] PHP Warning:  Undefined variable $link4_text in D:\\Project\\PHP_YP_DZ\\header2.php on line 14, referer: http://ypdz.loc/special_characters.php
[Fri Feb 09 19:16:01.809013 2024] [php:warn] [pid 7540:tid 1884] [client ::1:50706] PHP Warning:  Undefined variable $link1_text in D:\\Project\\PHP_YP_DZ\\header2.php on line 11, referer: http://ypdz.loc/special_characters.php
[Fri Feb 09 19:16:01.809013 2024] [php:warn] [pid 7540:tid 1884] [client ::1:50706] PHP Warning:  Undefined variable $link2_text in D:\\Project\\PHP_YP_DZ\\header2.php on line 12, referer: http://ypdz.loc/special_characters.php
[Fri Feb 09 19:16:01.809013 2024] [php:warn] [pid 7540:tid 1884] [client ::1:50706] PHP Warning:  Undefined variable $link3_text in D:\\Project\\PHP_YP_DZ\\header2.php on line 13, referer: http://ypdz.loc/special_characters.php
[Fri Feb 09 19:16:01.809013 2024] [php:warn] [pid 7540:tid 1884] [client ::1:50706] PHP Warning:  Undefined variable $link4_text in D:\\Project\\PHP_YP_DZ\\header2.php on line 14, referer: http://ypdz.loc/special_characters.php
[Fri Feb 09 19:16:04.019378 2024] [php:warn] [pid 7540:tid 1884] [client ::1:50706] PHP Warning:  Undefined variable $link1_text in D:\\Project\\PHP_YP_DZ\\header2.php on line 11, referer: http://ypdz.loc/groupies.php
[Fri Feb 09 19:16:04.019378 2024] [php:warn] [pid 7540:tid 1884] [client ::1:50706] PHP Warning:  Undefined variable $link2_text in D:\\Project\\PHP_YP_DZ\\header2.php on line 12, referer: http://ypdz.loc/groupies.php
[Fri Feb 09 19:16:04.019378 2024] [php:warn] [pid 7540:tid 1884] [client ::1:50706] PHP Warning:  Undefined variable $link3_text in D:\\Project\\PHP_YP_DZ\\header2.php on line 13, referer: http://ypdz.loc/groupies.php
[Fri Feb 09 19:16:04.019378 2024] [php:warn] [pid 7540:tid 1884] [client ::1:50706] PHP Warning:  Undefined variable $link4_text in D:\\Project\\PHP_YP_DZ\\header2.php on line 14, referer: http://ypdz.loc/groupies.php
[Fri Feb 09 19:18:02.437082 2024] [php:warn] [pid 7540:tid 1892] [client ::1:50709] PHP Warning:  Undefined variable $link1_text in D:\\Project\\PHP_YP_DZ\\header2.php on line 11, referer: http://ypdz.loc/quantifiers.php
[Fri Feb 09 19:18:02.437082 2024] [php:warn] [pid 7540:tid 1892] [client ::1:50709] PHP Warning:  Undefined variable $link2_text in D:\\Project\\PHP_YP_DZ\\header2.php on line 12, referer: http://ypdz.loc/quantifiers.php
[Fri Feb 09 19:18:02.437082 2024] [php:warn] [pid 7540:tid 1892] [client ::1:50709] PHP Warning:  Undefined variable $link3_text in D:\\Project\\PHP_YP_DZ\\header2.php on line 13, referer: http://ypdz.loc/quantifiers.php
[Fri Feb 09 19:18:02.437082 2024] [php:warn] [pid 7540:tid 1892] [client ::1:50709] PHP Warning:  Undefined variable $link4_text in D:\\Project\\PHP_YP_DZ\\header2.php on line 14, referer: http://ypdz.loc/quantifiers.php
[Fri Feb 09 19:18:04.910790 2024] [php:warn] [pid 7540:tid 1892] [client ::1:50709] PHP Warning:  Undefined variable $link1_text in D:\\Project\\PHP_YP_DZ\\header2.php on line 11, referer: http://ypdz.loc/groupies.php
[Fri Feb 09 19:18:04.910790 2024] [php:warn] [pid 7540:tid 1892] [client ::1:50709] PHP Warning:  Undefined variable $link2_text in D:\\Project\\PHP_YP_DZ\\header2.php on line 12, referer: http://ypdz.loc/groupies.php
[Fri Feb 09 19:18:04.910790 2024] [php:warn] [pid 7540:tid 1892] [client ::1:50709] PHP Warning:  Undefined variable $link3_text in D:\\Project\\PHP_YP_DZ\\header2.php on line 13, referer: http://ypdz.loc/groupies.php
[Fri Feb 09 19:18:04.910790 2024] [php:warn] [pid 7540:tid 1892] [client ::1:50709] PHP Warning:  Undefined variable $link4_text in D:\\Project\\PHP_YP_DZ\\header2.php on line 14, referer: http://ypdz.loc/groupies.php
[Fri Feb 09 19:18:20.296565 2024] [php:warn] [pid 7540:tid 1884] [client ::1:50710] PHP Warning:  Undefined variable $link1_text in D:\\Project\\PHP_YP_DZ\\header2.php on line 11, referer: http://ypdz.loc/special_characters.php
[Fri Feb 09 19:18:20.296565 2024] [php:warn] [pid 7540:tid 1884] [client ::1:50710] PHP Warning:  Undefined variable $link2_text in D:\\Project\\PHP_YP_DZ\\header2.php on line 12, referer: http://ypdz.loc/special_characters.php
[Fri Feb 09 19:18:20.296565 2024] [php:warn] [pid 7540:tid 1884] [client ::1:50710] PHP Warning:  Undefined variable $link3_text in D:\\Project\\PHP_YP_DZ\\header2.php on line 13, referer: http://ypdz.loc/special_characters.php
[Fri Feb 09 19:18:20.296565 2024] [php:warn] [pid 7540:tid 1884] [client ::1:50710] PHP Warning:  Undefined variable $link4_text in D:\\Project\\PHP_YP_DZ\\header2.php on line 14, referer: http://ypdz.loc/special_characters.php
[Fri Feb 09 19:19:17.510811 2024] [php:warn] [pid 7540:tid 1892] [client ::1:50712] PHP Warning:  Undefined variable $link1_text in D:\\Project\\PHP_YP_DZ\\header2.php on line 11, referer: http://ypdz.loc/special_characters.php
[Fri Feb 09 19:19:17.510811 2024] [php:warn] [pid 7540:tid 1892] [client ::1:50712] PHP Warning:  Undefined variable $link2_text in D:\\Project\\PHP_YP_DZ\\header2.php on line 12, referer: http://ypdz.loc/special_characters.php
[Fri Feb 09 19:19:17.510811 2024] [php:warn] [pid 7540:tid 1892] [client ::1:50712] PHP Warning:  Undefined variable $link3_text in D:\\Project\\PHP_YP_DZ\\header2.php on line 13, referer: http://ypdz.loc/special_characters.php
[Fri Feb 09 19:19:17.510811 2024] [php:warn] [pid 7540:tid 1892] [client ::1:50712] PHP Warning:  Undefined variable $link4_text in D:\\Project\\PHP_YP_DZ\\header2.php on line 14, referer: http://ypdz.loc/special_characters.php
[Fri Feb 09 19:19:28.817785 2024] [php:warn] [pid 7540:tid 1884] [client ::1:50717] PHP Warning:  Undefined variable $link1_text in D:\\Project\\PHP_YP_DZ\\header2.php on line 11, referer: http://ypdz.loc/quantifiers.php
[Fri Feb 09 19:19:28.817785 2024] [php:warn] [pid 7540:tid 1884] [client ::1:50717] PHP Warning:  Undefined variable $link2_text in D:\\Project\\PHP_YP_DZ\\header2.php on line 12, referer: http://ypdz.loc/quantifiers.php
[Fri Feb 09 19:19:28.817785 2024] [php:warn] [pid 7540:tid 1884] [client ::1:50717] PHP Warning:  Undefined variable $link3_text in D:\\Project\\PHP_YP_DZ\\header2.php on line 13, referer: http://ypdz.loc/quantifiers.php
[Fri Feb 09 19:19:28.817785 2024] [php:warn] [pid 7540:tid 1884] [client ::1:50717] PHP Warning:  Undefined variable $link4_text in D:\\Project\\PHP_YP_DZ\\header2.php on line 14, referer: http://ypdz.loc/quantifiers.php
